#
# A fatal error has been detected by the Java Runtime Environment:
#
#  EXCEPTION_ACCESS_VIOLATION (0xc0000005) at pc=0x45afb134, pid=2780, tid=6020
#
# JRE version: Java(TM) SE Runtime Environment (8.0_60-b27) (build 1.8.0_60-b27)
# Java VM: Java HotSpot(TM) Client VM (25.60-b23 mixed mode windows-x86 )
# Problematic frame:
# C  [buddy.dll+0xb134]
#
# Failed to write core dump. Minidumps are not enabled by default on client versions of Windows
#
# If you would like to submit a bug report, please visit:
#   http://bugreport.java.com/bugreport/crash.jsp
# The crash happened outside the Java Virtual Machine in native code.
# See problematic frame for where to report the bug.
#

---------------  T H R E A D  ---------------

Current thread (0x0270e000):  JavaThread "main" [_thread_in_native, id=6020, stack(0x02460000,0x024b0000)]

siginfo: ExceptionCode=0xc0000005, reading address 0x00000020

Registers:
EAX=0x00000000, EBX=0x00000000, ECX=0x026f3a88, EDX=0x00000020
ESP=0x024af6a8, EBP=0x024af708, ESI=0x00000000, EDI=0x00000000
EIP=0x45afb134, EFLAGS=0x00010202

Top of Stack: (sp=0x024af6a8)
0x024af6a8:   000014b5 00000000 00000009 44e12d40
0x024af6b8:   0270e000 45af1584 00000001 027023f0
0x024af6c8:   0270e000 00000010 0270e000 44e12d40
0x024af6d8:   0270c7b0 0270e000 0270e140 44e12d40
0x024af6e8:   00000144 026f3a88 00000006 00000000
0x024af6f8:   00000000 00000050 00000002 44e12d40
0x024af708:   024af758 45af1599 00000050 44e12d40
0x024af718:   0270e000 0271c0c3 0270e140 024af760 

Instructions: (pc=0x45afb134)
0x45afb114:   1f 01 0f af c2 33 d2 d1 e8 83 c0 01 f7 f6 8b 35
0x45afb124:   7c 36 b2 45 89 55 f8 8d 14 12 03 d2 03 d2 03 d2
0x45afb134:   8b 04 32 25 ff ff ff 07 74 43 89 55 e0 8b fb 89
0x45afb144:   5d e8 c1 e7 1b 89 7d fc 8b fb 8b 5d fc c1 e7 16 


Register to memory mapping:

EAX=0x00000000 is an unknown value
EBX=0x00000000 is an unknown value
ECX=0x026f3a88 is an unknown value
EDX=0x00000020 is an unknown value
ESP=0x024af6a8 is pointing into the stack for thread: 0x0270e000
EBP=0x024af708 is pointing into the stack for thread: 0x0270e000
ESI=0x00000000 is an unknown value
EDI=0x00000000 is an unknown value


Stack: [0x02460000,0x024b0000],  sp=0x024af6a8,  free space=317k
Native frames: (J=compiled Java code, j=interpreted, Vv=VM code, C=native code)
C  [buddy.dll+0xb134]
C  [buddy.dll+0x1599]
j  net.sf.javabdd.BuDDyFactory.setVarNum(I)I+1
j  com.system.kripkestructure.KripkeStructureTranslator.setFactory()V+57
j  com.system.kripkestructure.KripkeStructureTranslator.translateProgram()Z+5
j  com.system.kripkestructure.KripkeStructureTranslator.tryTranslate()Z+70
j  com.system.Controller.startVerification()Lcom/system/CTLVerificator;+125
j  com.system.view.ConsoleUserInterface.doWork()V+66
j  com.system.util.SystemRunner.main([Ljava/lang/String;)V+5
v  ~StubRoutines::call_stub
V  [jvm.dll+0x158985]
V  [jvm.dll+0x21df3e]
V  [jvm.dll+0x158a1e]
V  [jvm.dll+0xdaac7]
V  [jvm.dll+0xe305f]
C  [java.exe+0x228d]
C  [java.exe+0xae9f]
C  [java.exe+0xaf29]
C  [KERNEL32.DLL+0x17c04]
C  [ntdll.dll+0x5ad1f]
C  [ntdll.dll+0x5acea]
C  0x00000000

Java frames: (J=compiled Java code, j=interpreted, Vv=VM code)
j  net.sf.javabdd.BuDDyFactory.setVarNum0(I)I+0
j  net.sf.javabdd.BuDDyFactory.setVarNum(I)I+1
j  com.system.kripkestructure.KripkeStructureTranslator.setFactory()V+57
j  com.system.kripkestructure.KripkeStructureTranslator.translateProgram()Z+5
j  com.system.kripkestructure.KripkeStructureTranslator.tryTranslate()Z+70
j  com.system.Controller.startVerification()Lcom/system/CTLVerificator;+125
j  com.system.view.ConsoleUserInterface.doWork()V+66
j  com.system.util.SystemRunner.main([Ljava/lang/String;)V+5
v  ~StubRoutines::call_stub

---------------  P R O C E S S  ---------------

Java Threads: ( => current thread )
  0x45022000 JavaThread "Service Thread" daemon [_thread_blocked, id=5200, stack(0x45610000,0x45660000)]
  0x45001400 JavaThread "C1 CompilerThread0" daemon [_thread_blocked, id=4000, stack(0x45580000,0x455d0000)]
  0x44fffc00 JavaThread "Attach Listener" daemon [_thread_blocked, id=6520, stack(0x454f0000,0x45540000)]
  0x44ffdc00 JavaThread "Signal Dispatcher" daemon [_thread_blocked, id=2036, stack(0x45460000,0x454b0000)]
  0x44fd9400 JavaThread "Finalizer" daemon [_thread_blocked, id=6012, stack(0x451d0000,0x45220000)]
  0x44fd4800 JavaThread "Reference Handler" daemon [_thread_blocked, id=1260, stack(0x04750000,0x047a0000)]
=>0x0270e000 JavaThread "main" [_thread_in_native, id=6020, stack(0x02460000,0x024b0000)]

Other Threads:
  0x0267e800 VMThread [stack: 0x02680000,0x026d0000] [id=5728]
  0x4502f000 WatcherThread [stack: 0x456a0000,0x456f0000] [id=2880]

VM state:not at safepoint (normal execution)

VM Mutex/Monitor currently owned by a thread: None

Heap:
 def new generation   total 314560K, used 16777K [0x04800000, 0x19d50000, 0x19d50000)
  eden space 279616K,   6% used [0x04800000, 0x05862498, 0x15910000)
  from space 34944K,   0% used [0x15910000, 0x15910000, 0x17b30000)
  to   space 34944K,   0% used [0x17b30000, 0x17b30000, 0x19d50000)
 tenured generation   total 699072K, used 0K [0x19d50000, 0x44800000, 0x44800000)
   the space 699072K,   0% used [0x19d50000, 0x19d50000, 0x19d50200, 0x44800000)
 Metaspace       used 2750K, capacity 2776K, committed 2880K, reserved 4480K

Card table byte_map: [0x44800000,0x44a10000] byte_map_base: 0x447dc000

Polling page: 0x00b50000

CodeCache: size=32768Kb used=785Kb max_used=785Kb free=31982Kb
 bounds [0x02710000, 0x027d8000, 0x04710000]
 total_blobs=199 nmethods=55 adapters=75
 compilation: enabled

Compilation events (10 events):
Event: 39.349 Thread 0x45001400   51             java.util.ArrayList::size (5 bytes)
Event: 39.349 Thread 0x45001400 nmethod 51 0x027d1048 code [0x027d1140, 0x027d11c0]
Event: 39.352 Thread 0x45001400   52             java.lang.String::substring (79 bytes)
Event: 39.352 Thread 0x45001400 nmethod 52 0x027d1208 code [0x027d1350, 0x027d1590]
Event: 39.352 Thread 0x45001400   53             sun.nio.cs.SingleByte$Encoder::encode (32 bytes)
Event: 39.352 Thread 0x45001400 nmethod 53 0x027d1788 code [0x027d1890, 0x027d1980]
Event: 39.353 Thread 0x45001400   54             sun.nio.cs.SingleByte$Encoder::encode (114 bytes)
Event: 39.353 Thread 0x45001400 nmethod 54 0x027d1a88 code [0x027d1ba0, 0x027d1e70]
Event: 39.356 Thread 0x45001400   55  s!         sun.misc.URLClassPath::getLoader (197 bytes)
Event: 39.358 Thread 0x45001400 nmethod 55 0x027d21c8 code [0x027d2420, 0x027d352c]

GC Heap History (0 events):
No events

Deoptimization events (0 events):
No events

Internal exceptions (10 events):
Event: 39.325 Thread 0x0270e000 Exception <a 'java/security/PrivilegedActionException'> (0x049fcc50) thrown at [D:\re\puppet\workspace\8-2-build-windows-i586-cygwin\jdk8u60\4407\hotspot\src\share\vm\prims\jvm.cpp, line 1386]
Event: 39.325 Thread 0x0270e000 Exception <a 'java/security/PrivilegedActionException'> (0x049fce50) thrown at [D:\re\puppet\workspace\8-2-build-windows-i586-cygwin\jdk8u60\4407\hotspot\src\share\vm\prims\jvm.cpp, line 1386]
Event: 39.325 Thread 0x0270e000 Exception <a 'java/security/PrivilegedActionException'> (0x049fe0e8) thrown at [D:\re\puppet\workspace\8-2-build-windows-i586-cygwin\jdk8u60\4407\hotspot\src\share\vm\prims\jvm.cpp, line 1386]
Event: 39.325 Thread 0x0270e000 Exception <a 'java/security/PrivilegedActionException'> (0x049fe2e8) thrown at [D:\re\puppet\workspace\8-2-build-windows-i586-cygwin\jdk8u60\4407\hotspot\src\share\vm\prims\jvm.cpp, line 1386]
Event: 39.325 Thread 0x0270e000 Exception <a 'java/security/PrivilegedActionException'> (0x049ff528) thrown at [D:\re\puppet\workspace\8-2-build-windows-i586-cygwin\jdk8u60\4407\hotspot\src\share\vm\prims\jvm.cpp, line 1386]
Event: 39.325 Thread 0x0270e000 Exception <a 'java/security/PrivilegedActionException'> (0x049ff728) thrown at [D:\re\puppet\workspace\8-2-build-windows-i586-cygwin\jdk8u60\4407\hotspot\src\share\vm\prims\jvm.cpp, line 1386]
Event: 39.325 Thread 0x0270e000 Exception <a 'java/security/PrivilegedActionException'> (0x04a00818) thrown at [D:\re\puppet\workspace\8-2-build-windows-i586-cygwin\jdk8u60\4407\hotspot\src\share\vm\prims\jvm.cpp, line 1386]
Event: 39.325 Thread 0x0270e000 Exception <a 'java/security/PrivilegedActionException'> (0x04a00a18) thrown at [D:\re\puppet\workspace\8-2-build-windows-i586-cygwin\jdk8u60\4407\hotspot\src\share\vm\prims\jvm.cpp, line 1386]
Event: 39.325 Thread 0x0270e000 Exception <a 'java/security/PrivilegedActionException'> (0x04a01bc0) thrown at [D:\re\puppet\workspace\8-2-build-windows-i586-cygwin\jdk8u60\4407\hotspot\src\share\vm\prims\jvm.cpp, line 1386]
Event: 39.325 Thread 0x0270e000 Exception <a 'java/security/PrivilegedActionException'> (0x04a01dc0) thrown at [D:\re\puppet\workspace\8-2-build-windows-i586-cygwin\jdk8u60\4407\hotspot\src\share\vm\prims\jvm.cpp, line 1386]

Events (10 events):
Event: 39.351 loading class java/lang/UnsatisfiedLinkError
Event: 39.351 loading class java/lang/UnsatisfiedLinkError done
Event: 39.351 loading class java/lang/ClassLoaderHelper
Event: 39.351 loading class java/lang/ClassLoaderHelper done
Event: 39.356 loading class net/sf/javabdd/BDDFactory$GCStats
Event: 39.356 loading class net/sf/javabdd/BDDFactory$GCStats done
Event: 39.356 loading class net/sf/javabdd/BDDFactory$ReorderStats
Event: 39.356 loading class net/sf/javabdd/BDDFactory$ReorderStats done
Event: 39.357 loading class net/sf/javabdd/BDDFactory$CacheStats
Event: 39.357 loading class net/sf/javabdd/BDDFactory$CacheStats done


Dynamic libraries:
0x00aa0000 - 0x00ad3000 	C:\Program Files (x86)\Java\jdk1.8.0_60\bin\java.exe
0x77140000 - 0x772ae000 	C:\WINDOWS\SYSTEM32\ntdll.dll
0x74a30000 - 0x74b70000 	C:\WINDOWS\SYSTEM32\KERNEL32.DLL
0x74b90000 - 0x74c67000 	C:\WINDOWS\SYSTEM32\KERNELBASE.dll
0x74330000 - 0x743d0000 	C:\WINDOWS\system32\apphelp.dll
0x5dfa0000 - 0x5e206000 	C:\WINDOWS\AppPatch\AcGenral.DLL
0x76c70000 - 0x76d33000 	C:\WINDOWS\SYSTEM32\msvcrt.dll
0x74c70000 - 0x74cb1000 	C:\WINDOWS\SYSTEM32\sechost.dll
0x74940000 - 0x7495e000 	C:\WINDOWS\SYSTEM32\SspiCli.dll
0x76a00000 - 0x76a45000 	C:\WINDOWS\SYSTEM32\SHLWAPI.dll
0x71a20000 - 0x71b0d000 	C:\WINDOWS\SYSTEM32\UxTheme.dll
0x76a50000 - 0x76ba3000 	C:\WINDOWS\SYSTEM32\USER32.dll
0x76e60000 - 0x76f6f000 	C:\WINDOWS\SYSTEM32\GDI32.dll
0x71b40000 - 0x71b63000 	C:\WINDOWS\SYSTEM32\WINMM.dll
0x71170000 - 0x71183000 	C:\WINDOWS\SYSTEM32\samcli.dll
0x75090000 - 0x751b9000 	C:\WINDOWS\SYSTEM32\ole32.dll
0x74960000 - 0x749f5000 	C:\WINDOWS\SYSTEM32\OLEAUT32.dll
0x63d60000 - 0x63d77000 	C:\WINDOWS\SYSTEM32\MSACM32.dll
0x71bf0000 - 0x71bf8000 	C:\WINDOWS\SYSTEM32\VERSION.dll
0x75700000 - 0x769ad000 	C:\WINDOWS\SYSTEM32\SHELL32.dll
0x748a0000 - 0x748bb000 	C:\WINDOWS\SYSTEM32\USERENV.dll
0x71a00000 - 0x71a1a000 	C:\WINDOWS\SYSTEM32\dwmapi.dll
0x65980000 - 0x65aca000 	C:\WINDOWS\SYSTEM32\urlmon.dll
0x76bb0000 - 0x76c2c000 	C:\WINDOWS\SYSTEM32\ADVAPI32.dll
0x74560000 - 0x745c5000 	C:\WINDOWS\SYSTEM32\WINSPOOL.DRV
0x5f320000 - 0x5f336000 	C:\WINDOWS\SYSTEM32\MPR.dll
0x75230000 - 0x752ea000 	C:\WINDOWS\SYSTEM32\RPCRT4.dll
0x74930000 - 0x7493a000 	C:\WINDOWS\SYSTEM32\CRYPTBASE.dll
0x754b0000 - 0x7562d000 	C:\WINDOWS\SYSTEM32\combase.dll
0x71b10000 - 0x71b33000 	C:\WINDOWS\SYSTEM32\WINMMBASE.dll
0x74880000 - 0x7488f000 	C:\WINDOWS\SYSTEM32\profapi.dll
0x6ffc0000 - 0x701f2000 	C:\WINDOWS\SYSTEM32\iertutil.dll
0x70200000 - 0x703e4000 	C:\WINDOWS\SYSTEM32\WININET.dll
0x748d0000 - 0x74924000 	C:\WINDOWS\SYSTEM32\bcryptPrimitives.dll
0x74fc0000 - 0x74ffc000 	C:\WINDOWS\SYSTEM32\cfgmgr32.dll
0x74800000 - 0x74821000 	C:\WINDOWS\SYSTEM32\DEVOBJ.dll
0x74660000 - 0x746eb000 	C:\WINDOWS\SYSTEM32\SHCORE.DLL
0x74a00000 - 0x74a27000 	C:\WINDOWS\system32\IMM32.DLL
0x76d40000 - 0x76e52000 	C:\WINDOWS\SYSTEM32\MSCTF.dll
0x70d60000 - 0x70f66000 	C:\WINDOWS\WinSxS\x86_microsoft.windows.common-controls_6595b64144ccf1df_6.0.9600.17810_none_a9edf09f013934e0\COMCTL32.dll
0x5e3a0000 - 0x5e45f000 	C:\Program Files (x86)\Java\jdk1.8.0_60\jre\bin\msvcr100.dll
0x5dbd0000 - 0x5df95000 	C:\Program Files (x86)\Java\jdk1.8.0_60\jre\bin\client\jvm.dll
0x71ca0000 - 0x71ca8000 	C:\WINDOWS\SYSTEM32\WSOCK32.dll
0x76fd0000 - 0x76fd6000 	C:\WINDOWS\SYSTEM32\PSAPI.DLL
0x769b0000 - 0x76a00000 	C:\WINDOWS\SYSTEM32\WS2_32.dll
0x75630000 - 0x75637000 	C:\WINDOWS\SYSTEM32\NSI.dll
0x5fd90000 - 0x5fd9c000 	C:\Program Files (x86)\Java\jdk1.8.0_60\jre\bin\verify.dll
0x5e4e0000 - 0x5e501000 	C:\Program Files (x86)\Java\jdk1.8.0_60\jre\bin\java.dll
0x5e4c0000 - 0x5e4d3000 	C:\Program Files (x86)\Java\jdk1.8.0_60\jre\bin\zip.dll
0x45af0000 - 0x45b29000 	D:\git\modelcheckingsystem\ModelCheckingSystem\buddy.dll
0x6f970000 - 0x6fab1000 	C:\WINDOWS\SYSTEM32\dbghelp.dll

VM Arguments:
jvm_args: -Xms1024m -Xmx1024m 
java_command: com.system.util.SystemRunner
java_class_path (initial): D:\git\modelcheckingsystem\ModelCheckingSystem\target\classes;C:\Users\173042\.m2\repository\log4j\log4j\1.2.17\log4j-1.2.17.jar;C:\Users\173042\.m2\repository\net\sf\jbddi\jbddi-core\1.0.1\jbddi-core-1.0.1.jar;C:\Users\173042\.m2\repository\net\sf\jbddi\jbddi-algorithms\1.0.1\jbddi-algorithms-1.0.1.jar;C:\Users\173042\.m2\repository\net\sourceforge\collections\collections-generic\4.01\collections-generic-4.01.jar;C:\Users\173042\.m2\repository\net\sf\jung\jung-graph-impl\2.0.1\jung-graph-impl-2.0.1.jar;C:\Users\173042\.m2\repository\net\sf\jung\jung-api\2.0.1\jung-api-2.0.1.jar;C:\Users\173042\.m2\repository\net\sf\jbddi\jbddi-visualization\1.0.1\jbddi-visualization-1.0.1.jar;C:\Users\173042\.m2\repository\net\sf\jung\jung-algorithms\2.0.1\jung-algorithms-2.0.1.jar;C:\Users\173042\.m2\repository\colt\colt\1.2.0\colt-1.2.0.jar;C:\Users\173042\.m2\repository\concurrent\concurrent\1.3.4\concurrent-1.3.4.jar;C:\Users\173042\.m2\repository\net\sf\jung\jung-visualization\2.0.1\jung-visualization-2.0.1.jar
Launcher Type: SUN_STANDARD

Environment Variables:
JAVA_HOME=C:\Program Files (x86)\Java\jdk1.8.0_60
USERNAME=173042
OS=Windows_NT
PROCESSOR_IDENTIFIER=Intel64 Family 6 Model 69 Stepping 1, GenuineIntel



---------------  S Y S T E M  ---------------

OS: Windows 8.1 , 64 bit Build 9600 (6.3.9600.17415)

CPU:total 4 (2 cores per cpu, 2 threads per core) family 6 model 69 stepping 1, cmov, cx8, fxsr, mmx, sse, sse2, sse3, ssse3, sse4.1, sse4.2, popcnt, avx, avx2, aes, clmul, erms, lzcnt, ht, tsc, tscinvbit, bmi1, bmi2

Memory: 4k page, physical 6172128k(2660744k free), swap 8072672k(2418016k free)

vm_info: Java HotSpot(TM) Client VM (25.60-b23) for windows-x86 JRE (1.8.0_60-b27), built on Aug  4 2015 10:57:40 by "java_re" with MS VC++ 10.0 (VS2010)

time: Fri Aug 28 15:54:29 2015
elapsed time: 39 seconds (0d 0h 0m 39s)

