#
# A fatal error has been detected by the Java Runtime Environment:
#
#  EXCEPTION_ACCESS_VIOLATION (0xc0000005) at pc=0x156ac418, pid=6016, tid=7692
#
# JRE version: Java(TM) SE Runtime Environment (8.0_60-b27) (build 1.8.0_60-b27)
# Java VM: Java HotSpot(TM) Client VM (25.60-b23 mixed mode windows-x86 )
# Problematic frame:
# C  [buddy.dll+0xc418]
#
# Failed to write core dump. Minidumps are not enabled by default on client versions of Windows
#
# If you would like to submit a bug report, please visit:
#   http://bugreport.java.com/bugreport/crash.jsp
# The crash happened outside the Java Virtual Machine in native code.
# See problematic frame for where to report the bug.
#

---------------  T H R E A D  ---------------

Current thread (0x00f4d800):  JavaThread "main" [_thread_in_native, id=7692, stack(0x00d40000,0x00d90000)]

siginfo: ExceptionCode=0xc0000005, reading address 0x4caf1d30

Registers:
EAX=0x37040d10, EBX=0x27eaa2b7, ECX=0x15ab1020, EDX=0x037040d1
ESP=0x00d8e780, EBP=0x00d8e7c4, ESI=0x0000000c, EDI=0x00008ef5
EIP=0x156ac418, EFLAGS=0x00010212

Top of Stack: (sp=0x00d8e780)
0x00d8e780:   4206ddc5 157c0cb8 030d4008 46807020
0x00d8e790:   03a5d697 005dc727 00000303 156a761f
0x00d8e7a0:   0000000d 030d401a 00000000 01913f49
0x00d8e7b0:   157c0cb8 030d4008 46807020 00000606
0x00d8e7c0:   037040d1 00000304 156a761f 0000000c
0x00d8e7d0:   00000102 00000000 01913f4a 156a761f
0x00d8e7e0:   01239d14 061a8010 00000608 60000303
0x00d8e7f0:   46807020 00000305 030d4008 0000000b 

Instructions: (pc=0x156ac418)
0x156ac3f8:   d1 eb 03 d9 8b 0d 90 36 6d 15 8b c3 f7 f1 8b 0d
0x156ac408:   7c 36 6d 15 89 55 fc 8d 04 12 03 c0 03 c0 03 c0
0x156ac418:   8b 3c 08 81 e7 ff ff ff 07 74 3c 8b 55 08 89 5d
0x156ac428:   e8 8b f2 c1 e6 1b c1 e2 16 0b 75 0c 81 e2 00 00 


Register to memory mapping:

EAX=0x37040d10 is an unknown value
EBX=0x27eaa2b7 is an unknown value
ECX=0x15ab1020 is an unknown value
EDX=0x037040d1 is an unknown value
ESP=0x00d8e780 is pointing into the stack for thread: 0x00f4d800
EBP=0x00d8e7c4 is pointing into the stack for thread: 0x00f4d800
ESI=0x0000000c is an unknown value
EDI=0x00008ef5 is an unknown value


Stack: [0x00d40000,0x00d90000],  sp=0x00d8e780,  free space=313k
Native frames: (J=compiled Java code, j=interpreted, Vv=VM code, C=native code)
C  [buddy.dll+0xc418]
C  [buddy.dll+0x761f]

Java frames: (J=compiled Java code, j=interpreted, Vv=VM code)
J 128  net.sf.javabdd.BuDDyFactory$BuDDyBDD.apply0(III)I (0 bytes) @ 0x02900a28 [0x029009e0+0x48]
J 127 C1 net.sf.javabdd.BuDDyFactory$BuDDyBDD.applyWith(Lnet/sf/javabdd/BDD;Lnet/sf/javabdd/BDDFactory$BDDOp;)Lnet/sf/javabdd/BDD; (59 bytes) @ 0x0290068c [0x02900630+0x5c]
J 151 C1 com.system.kripkestructure.KripkeStructureTranslator.translateNextState(Ljava/util/List;I)Lnet/sf/javabdd/BDD; (196 bytes) @ 0x02904e78 [0x02904c20+0x258]
J 153 C1 com.system.kripkestructure.KripkeStructureTranslator.translateEndOfProgram(Ljava/util/List;I)Z (129 bytes) @ 0x02905d0c [0x02905c80+0x8c]
J 167% C1 com.system.kripkestructure.KripkeStructureTranslator.translateRead(Ljava/util/List;I)Z (961 bytes) @ 0x02911e38 [0x029114a0+0x998]
j  com.system.kripkestructure.KripkeStructureTranslator.translateProgram()Z+279
j  com.system.kripkestructure.KripkeStructureTranslator.tryTranslate()Z+70
j  com.system.Controller.startVerification()Lcom/system/CTLVerificator;+125
j  com.system.ControllerTest.testStartVerification()V+43
v  ~StubRoutines::call_stub
j  sun.reflect.NativeMethodAccessorImpl.invoke0(Ljava/lang/reflect/Method;Ljava/lang/Object;[Ljava/lang/Object;)Ljava/lang/Object;+0
j  sun.reflect.NativeMethodAccessorImpl.invoke(Ljava/lang/Object;[Ljava/lang/Object;)Ljava/lang/Object;+100
j  sun.reflect.DelegatingMethodAccessorImpl.invoke(Ljava/lang/Object;[Ljava/lang/Object;)Ljava/lang/Object;+6
j  java.lang.reflect.Method.invoke(Ljava/lang/Object;[Ljava/lang/Object;)Ljava/lang/Object;+56
j  org.junit.runners.model.FrameworkMethod$1.runReflectiveCall()Ljava/lang/Object;+15
j  org.junit.internal.runners.model.ReflectiveCallable.run()Ljava/lang/Object;+1
j  org.junit.runners.model.FrameworkMethod.invokeExplosively(Ljava/lang/Object;[Ljava/lang/Object;)Ljava/lang/Object;+10
j  org.junit.internal.runners.statements.InvokeMethod.evaluate()V+12
j  org.junit.runners.ParentRunner.runLeaf(Lorg/junit/runners/model/Statement;Lorg/junit/runner/Description;Lorg/junit/runner/notification/RunNotifier;)V+17
j  org.junit.runners.BlockJUnit4ClassRunner.runChild(Lorg/junit/runners/model/FrameworkMethod;Lorg/junit/runner/notification/RunNotifier;)V+32
j  org.junit.runners.BlockJUnit4ClassRunner.runChild(Ljava/lang/Object;Lorg/junit/runner/notification/RunNotifier;)V+6
j  org.junit.runners.ParentRunner$3.run()V+12
j  org.junit.runners.ParentRunner$1.schedule(Ljava/lang/Runnable;)V+1
j  org.junit.runners.ParentRunner.runChildren(Lorg/junit/runner/notification/RunNotifier;)V+40
j  org.junit.runners.ParentRunner.access$000(Lorg/junit/runners/ParentRunner;Lorg/junit/runner/notification/RunNotifier;)V+2
j  org.junit.runners.ParentRunner$2.evaluate()V+8
j  org.junit.runners.ParentRunner.run(Lorg/junit/runner/notification/RunNotifier;)V+20
j  org.apache.maven.surefire.junit4.JUnit4TestSet.execute(Ljava/lang/Class;Lorg/junit/runner/notification/RunNotifier;Ljava/lang/String;)V+79
j  org.apache.maven.surefire.junit4.JUnit4Provider.executeTestSet(Ljava/lang/Class;Lorg/apache/maven/surefire/report/RunListener;Lorg/junit/runner/notification/RunNotifier;)V+34
j  org.apache.maven.surefire.junit4.JUnit4Provider.invoke(Ljava/lang/Object;)Lorg/apache/maven/surefire/suite/RunResult;+133
v  ~StubRoutines::call_stub
j  sun.reflect.NativeMethodAccessorImpl.invoke0(Ljava/lang/reflect/Method;Ljava/lang/Object;[Ljava/lang/Object;)Ljava/lang/Object;+0
j  sun.reflect.NativeMethodAccessorImpl.invoke(Ljava/lang/Object;[Ljava/lang/Object;)Ljava/lang/Object;+100
j  sun.reflect.DelegatingMethodAccessorImpl.invoke(Ljava/lang/Object;[Ljava/lang/Object;)Ljava/lang/Object;+6
j  java.lang.reflect.Method.invoke(Ljava/lang/Object;[Ljava/lang/Object;)Ljava/lang/Object;+56
j  org.apache.maven.surefire.util.ReflectionUtils.invokeMethodWithArray(Ljava/lang/Object;Ljava/lang/reflect/Method;[Ljava/lang/Object;)Ljava/lang/Object;+3
j  org.apache.maven.surefire.booter.ProviderFactory$ProviderProxy.invoke(Ljava/lang/Object;)Lorg/apache/maven/surefire/suite/RunResult;+29
j  org.apache.maven.surefire.booter.SurefireStarter.invokeProvider(Ljava/lang/Object;Ljava/lang/ClassLoader;Ljava/lang/ClassLoader;Ljava/lang/Object;)Lorg/apache/maven/surefire/suite/RunResult;+41
j  org.apache.maven.surefire.booter.SurefireStarter.runSuitesInProcessWhenForked()Lorg/apache/maven/surefire/suite/RunResult;+33
j  org.apache.maven.surefire.booter.ForkedBooter.main([Ljava/lang/String;)V+109
v  ~StubRoutines::call_stub

---------------  P R O C E S S  ---------------

Java Threads: ( => current thread )
  0x15321c00 JavaThread "RMI TCP Connection(2)-192.168.56.1" daemon [_thread_in_native, id=6656, stack(0x4a670000,0x4a6c0000)]
  0x153fc400 JavaThread "JMX server connection timeout 12" daemon [_thread_blocked, id=7324, stack(0x4a5e0000,0x4a630000)]
  0x153fb800 JavaThread "RMI Scheduler(0)" daemon [_thread_blocked, id=5692, stack(0x4a550000,0x4a5a0000)]
  0x153fe000 JavaThread "RMI TCP Connection(1)-192.168.56.1" daemon [_thread_in_native, id=7536, stack(0x4a3c0000,0x4a410000)]
  0x153be000 JavaThread "RMI TCP Accept-0" daemon [_thread_in_native, id=5636, stack(0x15720000,0x15770000)]
  0x0121fc00 JavaThread "Service Thread" daemon [_thread_blocked, id=2100, stack(0x151c0000,0x15210000)]
  0x01201800 JavaThread "C1 CompilerThread0" daemon [_thread_blocked, id=3604, stack(0x15130000,0x15180000)]
  0x011ffc00 JavaThread "Attach Listener" daemon [_thread_blocked, id=4180, stack(0x150a0000,0x150f0000)]
  0x011fe000 JavaThread "Signal Dispatcher" daemon [_thread_blocked, id=4824, stack(0x04980000,0x049d0000)]
  0x011d9000 JavaThread "Finalizer" daemon [_thread_blocked, id=6460, stack(0x048f0000,0x04940000)]
  0x011d4000 JavaThread "Reference Handler" daemon [_thread_blocked, id=7896, stack(0x04860000,0x048b0000)]
=>0x00f4d800 JavaThread "main" [_thread_in_native, id=7692, stack(0x00d40000,0x00d90000)]

Other Threads:
  0x0104e000 VMThread [stack: 0x01180000,0x011d0000] [id=7448]
  0x0120e000 WatcherThread [stack: 0x15250000,0x152a0000] [id=1256]

VM state:not at safepoint (normal execution)

VM Mutex/Monitor currently owned by a thread: None

Heap:
 def new generation   total 4928K, used 3566K [0x04a00000, 0x04f50000, 0x09f50000)
  eden space 4416K,  80% used [0x04a00000, 0x04d7b950, 0x04e50000)
  from space 512K,   0% used [0x04ed0000, 0x04ed0060, 0x04f50000)
  to   space 512K,   0% used [0x04e50000, 0x04e50000, 0x04ed0000)
 tenured generation   total 10944K, used 2566K [0x09f50000, 0x0aa00000, 0x14a00000)
   the space 10944K,  23% used [0x09f50000, 0x0a1d1a70, 0x0a1d1c00, 0x0aa00000)
 Metaspace       used 6238K, capacity 6433K, committed 6528K, reserved 6528K

Card table byte_map: [0x01050000,0x010e0000] byte_map_base: 0x0102b000

Polling page: 0x00a50000

CodeCache: size=32768Kb used=1256Kb max_used=1256Kb free=31511Kb
 bounds [0x02820000, 0x02960000, 0x04820000]
 total_blobs=577 nmethods=400 adapters=108
 compilation: enabled

Compilation events (10 events):
Event: 26.236 Thread 0x01201800  404             java.io.ObjectInputStream$HandleTable::finish (111 bytes)
Event: 26.237 Thread 0x01201800 nmethod 404 0x02959b08 code [0x02959c20, 0x02959e1c]
Event: 26.237 Thread 0x01201800  405             java.lang.Long::<init> (10 bytes)
Event: 26.237 Thread 0x01201800 nmethod 405 0x0295a008 code [0x0295a100, 0x0295a190]
Event: 26.237 Thread 0x01201800  406             java.util.TreeMap::rotateLeft (96 bytes)
Event: 26.237 Thread 0x01201800 nmethod 406 0x0295a1c8 code [0x0295a2c0, 0x0295a400]
Event: 28.252 Thread 0x01201800  407             java.io.Bits::getShort (18 bytes)
Event: 28.252 Thread 0x01201800 nmethod 407 0x0295a508 code [0x0295a600, 0x0295a6b0]
Event: 30.265 Thread 0x01201800  408             java.io.ObjectInputStream$BlockDataInputStream::getBlockDataMode (5 bytes)
Event: 30.265 Thread 0x01201800 nmethod 408 0x0295a788 code [0x0295a880, 0x0295a900]

GC Heap History (10 events):
Event: 33.927 GC heap before
{Heap before GC invocations=2000 (full 0):
 def new generation   total 4928K, used 4416K [0x04a00000, 0x04f50000, 0x09f50000)
  eden space 4416K, 100% used [0x04a00000, 0x04e50000, 0x04e50000)
  from space 512K,   0% used [0x04e50000, 0x04e50058, 0x04ed0000)
  to   space 512K,   0% used [0x04ed0000, 0x04ed0000, 0x04f50000)
 tenured generation   total 10944K, used 2566K [0x09f50000, 0x0aa00000, 0x14a00000)
   the space 10944K,  23% used [0x09f50000, 0x0a1d1a70, 0x0a1d1c00, 0x0aa00000)
 Metaspace       used 6234K, capacity 6433K, committed 6528K, reserved 6528K
Event: 33.927 GC heap after
Heap after GC invocations=2001 (full 0):
 def new generation   total 4928K, used 0K [0x04a00000, 0x04f50000, 0x09f50000)
  eden space 4416K,   0% used [0x04a00000, 0x04a00000, 0x04e50000)
  from space 512K,   0% used [0x04ed0000, 0x04ed0070, 0x04f50000)
  to   space 512K,   0% used [0x04e50000, 0x04e50000, 0x04ed0000)
 tenured generation   total 10944K, used 2566K [0x09f50000, 0x0aa00000, 0x14a00000)
   the space 10944K,  23% used [0x09f50000, 0x0a1d1a70, 0x0a1d1c00, 0x0aa00000)
 Metaspace       used 6234K, capacity 6433K, committed 6528K, reserved 6528K
}
Event: 33.945 GC heap before
{Heap before GC invocations=2001 (full 0):
 def new generation   total 4928K, used 4416K [0x04a00000, 0x04f50000, 0x09f50000)
  eden space 4416K, 100% used [0x04a00000, 0x04e50000, 0x04e50000)
  from space 512K,   0% used [0x04ed0000, 0x04ed0070, 0x04f50000)
  to   space 512K,   0% used [0x04e50000, 0x04e50000, 0x04ed0000)
 tenured generation   total 10944K, used 2566K [0x09f50000, 0x0aa00000, 0x14a00000)
   the space 10944K,  23% used [0x09f50000, 0x0a1d1a70, 0x0a1d1c00, 0x0aa00000)
 Metaspace       used 6234K, capacity 6433K, committed 6528K, reserved 6528K
Event: 33.945 GC heap after
Heap after GC invocations=2002 (full 0):
 def new generation   total 4928K, used 0K [0x04a00000, 0x04f50000, 0x09f50000)
  eden space 4416K,   0% used [0x04a00000, 0x04a00000, 0x04e50000)
  from space 512K,   0% used [0x04e50000, 0x04e50060, 0x04ed0000)
  to   space 512K,   0% used [0x04ed0000, 0x04ed0000, 0x04f50000)
 tenured generation   total 10944K, used 2566K [0x09f50000, 0x0aa00000, 0x14a00000)
   the space 10944K,  23% used [0x09f50000, 0x0a1d1a70, 0x0a1d1c00, 0x0aa00000)
 Metaspace       used 6234K, capacity 6433K, committed 6528K, reserved 6528K
}
Event: 33.962 GC heap before
{Heap before GC invocations=2002 (full 0):
 def new generation   total 4928K, used 4416K [0x04a00000, 0x04f50000, 0x09f50000)
  eden space 4416K, 100% used [0x04a00000, 0x04e50000, 0x04e50000)
  from space 512K,   0% used [0x04e50000, 0x04e50060, 0x04ed0000)
  to   space 512K,   0% used [0x04ed0000, 0x04ed0000, 0x04f50000)
 tenured generation   total 10944K, used 2566K [0x09f50000, 0x0aa00000, 0x14a00000)
   the space 10944K,  23% used [0x09f50000, 0x0a1d1a70, 0x0a1d1c00, 0x0aa00000)
 Metaspace       used 6234K, capacity 6433K, committed 6528K, reserved 6528K
Event: 33.963 GC heap after
Heap after GC invocations=2003 (full 0):
 def new generation   total 4928K, used 0K [0x04a00000, 0x04f50000, 0x09f50000)
  eden space 4416K,   0% used [0x04a00000, 0x04a00000, 0x04e50000)
  from space 512K,   0% used [0x04ed0000, 0x04ed0058, 0x04f50000)
  to   space 512K,   0% used [0x04e50000, 0x04e50000, 0x04ed0000)
 tenured generation   total 10944K, used 2566K [0x09f50000, 0x0aa00000, 0x14a00000)
   the space 10944K,  23% used [0x09f50000, 0x0a1d1a70, 0x0a1d1c00, 0x0aa00000)
 Metaspace       used 6234K, capacity 6433K, committed 6528K, reserved 6528K
}
Event: 33.980 GC heap before
{Heap before GC invocations=2003 (full 0):
 def new generation   total 4928K, used 4416K [0x04a00000, 0x04f50000, 0x09f50000)
  eden space 4416K, 100% used [0x04a00000, 0x04e50000, 0x04e50000)
  from space 512K,   0% used [0x04ed0000, 0x04ed0058, 0x04f50000)
  to   space 512K,   0% used [0x04e50000, 0x04e50000, 0x04ed0000)
 tenured generation   total 10944K, used 2566K [0x09f50000, 0x0aa00000, 0x14a00000)
   the space 10944K,  23% used [0x09f50000, 0x0a1d1a70, 0x0a1d1c00, 0x0aa00000)
 Metaspace       used 6234K, capacity 6433K, committed 6528K, reserved 6528K
Event: 33.980 GC heap after
Heap after GC invocations=2004 (full 0):
 def new generation   total 4928K, used 0K [0x04a00000, 0x04f50000, 0x09f50000)
  eden space 4416K,   0% used [0x04a00000, 0x04a00000, 0x04e50000)
  from space 512K,   0% used [0x04e50000, 0x04e50070, 0x04ed0000)
  to   space 512K,   0% used [0x04ed0000, 0x04ed0000, 0x04f50000)
 tenured generation   total 10944K, used 2566K [0x09f50000, 0x0aa00000, 0x14a00000)
   the space 10944K,  23% used [0x09f50000, 0x0a1d1a70, 0x0a1d1c00, 0x0aa00000)
 Metaspace       used 6234K, capacity 6433K, committed 6528K, reserved 6528K
}
Event: 33.998 GC heap before
{Heap before GC invocations=2004 (full 0):
 def new generation   total 4928K, used 4416K [0x04a00000, 0x04f50000, 0x09f50000)
  eden space 4416K, 100% used [0x04a00000, 0x04e50000, 0x04e50000)
  from space 512K,   0% used [0x04e50000, 0x04e50070, 0x04ed0000)
  to   space 512K,   0% used [0x04ed0000, 0x04ed0000, 0x04f50000)
 tenured generation   total 10944K, used 2566K [0x09f50000, 0x0aa00000, 0x14a00000)
   the space 10944K,  23% used [0x09f50000, 0x0a1d1a70, 0x0a1d1c00, 0x0aa00000)
 Metaspace       used 6234K, capacity 6433K, committed 6528K, reserved 6528K
Event: 33.999 GC heap after
Heap after GC invocations=2005 (full 0):
 def new generation   total 4928K, used 0K [0x04a00000, 0x04f50000, 0x09f50000)
  eden space 4416K,   0% used [0x04a00000, 0x04a00000, 0x04e50000)
  from space 512K,   0% used [0x04ed0000, 0x04ed0060, 0x04f50000)
  to   space 512K,   0% used [0x04e50000, 0x04e50000, 0x04ed0000)
 tenured generation   total 10944K, used 2566K [0x09f50000, 0x0aa00000, 0x14a00000)
   the space 10944K,  23% used [0x09f50000, 0x0a1d1a70, 0x0a1d1c00, 0x0aa00000)
 Metaspace       used 6234K, capacity 6433K, committed 6528K, reserved 6528K
}

Deoptimization events (0 events):
No events

Internal exceptions (10 events):
Event: 8.993 Thread 0x153fe000 Exception <a 'java/lang/NoSuchMethodError': <clinit>> (0x04d7f038) thrown at [D:\re\puppet\workspace\8-2-build-windows-i586-cygwin\jdk8u60\4407\hotspot\src\share\vm\prims\jni.cpp, line 1591]
Event: 8.999 Thread 0x153fe000 Exception <a 'java/lang/ClassNotFoundException': javax/management/remote/rmi/RMIConnectionImpl_Skel> (0x04a17c38) thrown at [D:\re\puppet\workspace\8-2-build-windows-i586-cygwin\jdk8u60\4407\hotspot\src\share\vm\classfile\systemDictionary.cpp, line 210]
Event: 9.023 Thread 0x153fe000 Exception <a 'java/lang/NoSuchMethodError': <clinit>> (0x04b8b710) thrown at [D:\re\puppet\workspace\8-2-build-windows-i586-cygwin\jdk8u60\4407\hotspot\src\share\vm\prims\jni.cpp, line 1591]
Event: 9.034 Thread 0x153fe000 Exception <a 'java/lang/NoSuchMethodError': <clinit>> (0x04db7850) thrown at [D:\re\puppet\workspace\8-2-build-windows-i586-cygwin\jdk8u60\4407\hotspot\src\share\vm\prims\jni.cpp, line 1591]
Event: 9.035 Thread 0x153fe000 Exception <a 'java/lang/NoSuchMethodError': <clinit>> (0x04e03368) thrown at [D:\re\puppet\workspace\8-2-build-windows-i586-cygwin\jdk8u60\4407\hotspot\src\share\vm\prims\jni.cpp, line 1591]
Event: 9.036 Thread 0x153fe000 Exception <a 'java/lang/NoSuchMethodError': <clinit>> (0x04e03cb0) thrown at [D:\re\puppet\workspace\8-2-build-windows-i586-cygwin\jdk8u60\4407\hotspot\src\share\vm\prims\jni.cpp, line 1591]
Event: 9.040 Thread 0x153fe000 Exception <a 'java/lang/NoSuchMethodError': <clinit>> (0x04a14fb8) thrown at [D:\re\puppet\workspace\8-2-build-windows-i586-cygwin\jdk8u60\4407\hotspot\src\share\vm\prims\jni.cpp, line 1591]
Event: 9.040 Thread 0x153fe000 Exception <a 'java/lang/NoSuchMethodError': <clinit>> (0x04a15b28) thrown at [D:\re\puppet\workspace\8-2-build-windows-i586-cygwin\jdk8u60\4407\hotspot\src\share\vm\prims\jni.cpp, line 1591]
Event: 9.040 Thread 0x153fe000 Exception <a 'java/lang/NoSuchMethodError': <clinit>> (0x04a16670) thrown at [D:\re\puppet\workspace\8-2-build-windows-i586-cygwin\jdk8u60\4407\hotspot\src\share\vm\prims\jni.cpp, line 1591]
Event: 10.058 Thread 0x153fe000 Exception <a 'java/lang/NoSuchMethodError': <clinit>> (0x04c9ba28) thrown at [D:\re\puppet\workspace\8-2-build-windows-i586-cygwin\jdk8u60\4407\hotspot\src\share\vm\prims\jni.cpp, line 1591]

Events (10 events):
Event: 33.980 Executing VM operation: GenCollectForAllocation
Event: 33.980 Executing VM operation: GenCollectForAllocation done
Event: 33.998 Executing VM operation: GenCollectForAllocation
Event: 33.999 Executing VM operation: GenCollectForAllocation done
Event: 34.318 Executing VM operation: ThreadDump
Event: 34.318 Executing VM operation: ThreadDump done
Event: 35.328 Executing VM operation: ThreadDump
Event: 35.328 Executing VM operation: ThreadDump done
Event: 35.502 loading class org/apache/maven/surefire/util/internal/ByteBuffer
Event: 35.502 loading class org/apache/maven/surefire/util/internal/ByteBuffer done


Dynamic libraries:
0x013e0000 - 0x01413000 	C:\Program Files (x86)\Java\jdk1.8.0_60\jre\bin\java.exe
0x77140000 - 0x772ae000 	C:\WINDOWS\SYSTEM32\ntdll.dll
0x74a30000 - 0x74b70000 	C:\WINDOWS\SYSTEM32\KERNEL32.DLL
0x74b90000 - 0x74c67000 	C:\WINDOWS\SYSTEM32\KERNELBASE.dll
0x74330000 - 0x743d0000 	C:\WINDOWS\system32\apphelp.dll
0x607e0000 - 0x60a46000 	C:\WINDOWS\AppPatch\AcGenral.DLL
0x76c70000 - 0x76d33000 	C:\WINDOWS\SYSTEM32\msvcrt.dll
0x74c70000 - 0x74cb1000 	C:\WINDOWS\SYSTEM32\sechost.dll
0x74940000 - 0x7495e000 	C:\WINDOWS\SYSTEM32\SspiCli.dll
0x76a00000 - 0x76a45000 	C:\WINDOWS\SYSTEM32\SHLWAPI.dll
0x71a20000 - 0x71b0d000 	C:\WINDOWS\SYSTEM32\UxTheme.dll
0x76a50000 - 0x76ba3000 	C:\WINDOWS\SYSTEM32\USER32.dll
0x76e60000 - 0x76f6f000 	C:\WINDOWS\SYSTEM32\GDI32.dll
0x71b40000 - 0x71b63000 	C:\WINDOWS\SYSTEM32\WINMM.dll
0x717e0000 - 0x717f3000 	C:\WINDOWS\SYSTEM32\samcli.dll
0x75090000 - 0x751b9000 	C:\WINDOWS\SYSTEM32\ole32.dll
0x74960000 - 0x749f5000 	C:\WINDOWS\SYSTEM32\OLEAUT32.dll
0x70260000 - 0x70277000 	C:\WINDOWS\SYSTEM32\MSACM32.dll
0x71bf0000 - 0x71bf8000 	C:\WINDOWS\SYSTEM32\VERSION.dll
0x75700000 - 0x769ad000 	C:\WINDOWS\SYSTEM32\SHELL32.dll
0x748a0000 - 0x748bb000 	C:\WINDOWS\SYSTEM32\USERENV.dll
0x71a00000 - 0x71a1a000 	C:\WINDOWS\SYSTEM32\dwmapi.dll
0x70060000 - 0x701aa000 	C:\WINDOWS\SYSTEM32\urlmon.dll
0x76bb0000 - 0x76c2c000 	C:\WINDOWS\SYSTEM32\ADVAPI32.dll
0x74560000 - 0x745c5000 	C:\WINDOWS\SYSTEM32\WINSPOOL.DRV
0x62370000 - 0x62386000 	C:\WINDOWS\SYSTEM32\MPR.dll
0x75230000 - 0x752ea000 	C:\WINDOWS\SYSTEM32\RPCRT4.dll
0x74930000 - 0x7493a000 	C:\WINDOWS\SYSTEM32\CRYPTBASE.dll
0x754b0000 - 0x7562d000 	C:\WINDOWS\SYSTEM32\combase.dll
0x71b10000 - 0x71b33000 	C:\WINDOWS\SYSTEM32\WINMMBASE.dll
0x74880000 - 0x7488f000 	C:\WINDOWS\SYSTEM32\profapi.dll
0x6fe20000 - 0x70052000 	C:\WINDOWS\SYSTEM32\iertutil.dll
0x6fbe0000 - 0x6fdc4000 	C:\WINDOWS\SYSTEM32\WININET.dll
0x748d0000 - 0x74924000 	C:\WINDOWS\SYSTEM32\bcryptPrimitives.dll
0x74fc0000 - 0x74ffc000 	C:\WINDOWS\SYSTEM32\cfgmgr32.dll
0x74800000 - 0x74821000 	C:\WINDOWS\SYSTEM32\DEVOBJ.dll
0x74660000 - 0x746eb000 	C:\WINDOWS\SYSTEM32\SHCORE.DLL
0x74a00000 - 0x74a27000 	C:\WINDOWS\system32\IMM32.DLL
0x76d40000 - 0x76e52000 	C:\WINDOWS\SYSTEM32\MSCTF.dll
0x70d60000 - 0x70f66000 	C:\WINDOWS\WinSxS\x86_microsoft.windows.common-controls_6595b64144ccf1df_6.0.9600.17810_none_a9edf09f013934e0\COMCTL32.dll
0x60720000 - 0x607df000 	C:\Program Files (x86)\Java\jdk1.8.0_60\jre\bin\msvcr100.dll
0x60ca0000 - 0x61065000 	C:\Program Files (x86)\Java\jdk1.8.0_60\jre\bin\client\jvm.dll
0x71ca0000 - 0x71ca8000 	C:\WINDOWS\SYSTEM32\WSOCK32.dll
0x76fd0000 - 0x76fd6000 	C:\WINDOWS\SYSTEM32\PSAPI.DLL
0x769b0000 - 0x76a00000 	C:\WINDOWS\SYSTEM32\WS2_32.dll
0x75630000 - 0x75637000 	C:\WINDOWS\SYSTEM32\NSI.dll
0x6fb70000 - 0x6fb7c000 	C:\Program Files (x86)\Java\jdk1.8.0_60\jre\bin\verify.dll
0x688a0000 - 0x688c1000 	C:\Program Files (x86)\Java\jdk1.8.0_60\jre\bin\java.dll
0x68880000 - 0x68893000 	C:\Program Files (x86)\Java\jdk1.8.0_60\jre\bin\zip.dll
0x156a0000 - 0x156d9000 	D:\git\modelcheckingsystem\ModelCheckingSystem\buddy.dll
0x68820000 - 0x68835000 	C:\Program Files (x86)\Java\jdk1.8.0_60\jre\bin\net.dll
0x746f0000 - 0x7473b000 	C:\WINDOWS\system32\mswsock.dll
0x74480000 - 0x744fe000 	C:\WINDOWS\SYSTEM32\DNSAPI.dll
0x743d0000 - 0x743d8000 	C:\Windows\System32\rasadhlp.dll
0x743e0000 - 0x74426000 	C:\WINDOWS\System32\fwpuclnt.dll
0x68710000 - 0x6871a000 	C:\Program Files (x86)\Java\jdk1.8.0_60\jre\bin\management.dll
0x6fb60000 - 0x6fb6f000 	C:\Program Files (x86)\Java\jdk1.8.0_60\jre\bin\nio.dll
0x728e0000 - 0x728f9000 	C:\WINDOWS\SYSTEM32\CRYPTSP.dll
0x728b0000 - 0x728e0000 	C:\WINDOWS\system32\rsaenh.dll
0x72890000 - 0x728ae000 	C:\WINDOWS\SYSTEM32\bcrypt.dll
0x74440000 - 0x74460000 	C:\WINDOWS\SYSTEM32\IPHLPAPI.DLL
0x74430000 - 0x74438000 	C:\WINDOWS\SYSTEM32\WINNSI.DLL
0x6f8d0000 - 0x6f8e3000 	C:\WINDOWS\SYSTEM32\dhcpcsvc6.DLL
0x6f8b0000 - 0x6f8c4000 	C:\WINDOWS\SYSTEM32\dhcpcsvc.DLL
0x74540000 - 0x74551000 	C:\WINDOWS\system32\napinsp.dll
0x74520000 - 0x74536000 	C:\WINDOWS\system32\pnrpnsp.dll
0x74500000 - 0x74514000 	C:\WINDOWS\system32\NLAapi.dll
0x74470000 - 0x7447a000 	C:\WINDOWS\System32\winrnr.dll
0x74460000 - 0x74470000 	C:\WINDOWS\system32\wshbth.dll
0x6f970000 - 0x6fab1000 	C:\WINDOWS\SYSTEM32\dbghelp.dll

VM Arguments:
java_command: D:\git\modelcheckingsystem\ModelCheckingSystem\target\surefire\surefirebooter3019421319162066719.jar D:\git\modelcheckingsystem\ModelCheckingSystem\target\surefire\surefire4295210548136896117tmp D:\git\modelcheckingsystem\ModelCheckingSystem\target\surefire\surefire7285396330483227711tmp
java_class_path (initial): D:\git\modelcheckingsystem\ModelCheckingSystem\target\surefire\surefirebooter3019421319162066719.jar
Launcher Type: SUN_STANDARD

Environment Variables:
JAVA_HOME=C:\Program Files (x86)\Java\jdk1.8.0_60
USERNAME=173042
OS=Windows_NT
PROCESSOR_IDENTIFIER=Intel64 Family 6 Model 69 Stepping 1, GenuineIntel



---------------  S Y S T E M  ---------------

OS: Windows 8.1 , 64 bit Build 9600 (6.3.9600.17415)

CPU:total 4 (2 cores per cpu, 2 threads per core) family 6 model 69 stepping 1, cmov, cx8, fxsr, mmx, sse, sse2, sse3, ssse3, sse4.1, sse4.2, popcnt, avx, avx2, aes, clmul, erms, lzcnt, ht, tsc, tscinvbit, bmi1, bmi2

Memory: 4k page, physical 6172128k(1910328k free), swap 8072672k(2596904k free)

vm_info: Java HotSpot(TM) Client VM (25.60-b23) for windows-x86 JRE (1.8.0_60-b27), built on Aug  4 2015 10:57:40 by "java_re" with MS VC++ 10.0 (VS2010)

time: Tue Aug 25 19:57:42 2015
elapsed time: 35 seconds (0d 0h 0m 35s)

