#
# A fatal error has been detected by the Java Runtime Environment:
#
#  EXCEPTION_ACCESS_VIOLATION (0xc0000005) at pc=0x156bc418, pid=1644, tid=5036
#
# JRE version: Java(TM) SE Runtime Environment (8.0_60-b27) (build 1.8.0_60-b27)
# Java VM: Java HotSpot(TM) Client VM (25.60-b23 mixed mode windows-x86 )
# Problematic frame:
# C  [buddy.dll+0xc418]
#
# Failed to write core dump. Minidumps are not enabled by default on client versions of Windows
#
# If you would like to submit a bug report, please visit:
#   http://bugreport.java.com/bugreport/crash.jsp
# The crash happened outside the Java Virtual Machine in native code.
# See problematic frame for where to report the bug.
#

---------------  T H R E A D  ---------------

Current thread (0x010ad800):  JavaThread "main" [_thread_in_native, id=5036, stack(0x00d60000,0x00db0000)]

siginfo: ExceptionCode=0xc0000005, reading address 0x4ca10d30

Registers:
EAX=0x37040d10, EBX=0x27eaa2b7, ECX=0x159d0020, EDX=0x037040d1
ESP=0x00dae770, EBP=0x00dae7b4, ESI=0x0000000c, EDI=0x00008ef5
EIP=0x156bc418, EFLAGS=0x00010212

Top of Stack: (sp=0x00dae770)
0x00dae770:   4206ddc5 049e0cb8 030d4008 4672d020
0x00dae780:   03a5d697 005dc727 00000303 156b761f
0x00dae790:   0000000d 030d401a 00000000 01913f49
0x00dae7a0:   049e0cb8 030d4008 4672d020 00000606
0x00dae7b0:   037040d1 00000304 156b761f 0000000c
0x00dae7c0:   00000102 00000000 01913f4a 156b761f
0x00dae7d0:   01239d14 061a8010 00000608 60000303
0x00dae7e0:   4672d020 00000305 030d4008 0000000b 

Instructions: (pc=0x156bc418)
0x156bc3f8:   d1 eb 03 d9 8b 0d 90 36 6e 15 8b c3 f7 f1 8b 0d
0x156bc408:   7c 36 6e 15 89 55 fc 8d 04 12 03 c0 03 c0 03 c0
0x156bc418:   8b 3c 08 81 e7 ff ff ff 07 74 3c 8b 55 08 89 5d
0x156bc428:   e8 8b f2 c1 e6 1b c1 e2 16 0b 75 0c 81 e2 00 00 


Register to memory mapping:

EAX=0x37040d10 is an unknown value
EBX=0x27eaa2b7 is an unknown value
ECX=0x159d0020 is an unknown value
EDX=0x037040d1 is an unknown value
ESP=0x00dae770 is pointing into the stack for thread: 0x010ad800
EBP=0x00dae7b4 is pointing into the stack for thread: 0x010ad800
ESI=0x0000000c is an unknown value
EDI=0x00008ef5 is an unknown value


Stack: [0x00d60000,0x00db0000],  sp=0x00dae770,  free space=313k
Native frames: (J=compiled Java code, j=interpreted, Vv=VM code, C=native code)
C  [buddy.dll+0xc418]
C  [buddy.dll+0x761f]

Java frames: (J=compiled Java code, j=interpreted, Vv=VM code)
J 128  net.sf.javabdd.BuDDyFactory$BuDDyBDD.apply0(III)I (0 bytes) @ 0x02900a28 [0x029009e0+0x48]
J 127 C1 net.sf.javabdd.BuDDyFactory$BuDDyBDD.applyWith(Lnet/sf/javabdd/BDD;Lnet/sf/javabdd/BDDFactory$BDDOp;)Lnet/sf/javabdd/BDD; (59 bytes) @ 0x0290068c [0x02900630+0x5c]
J 151 C1 com.system.kripkestructure.KripkeStructureTranslator.translateNextState(Ljava/util/List;I)Lnet/sf/javabdd/BDD; (196 bytes) @ 0x02904e78 [0x02904c20+0x258]
J 153 C1 com.system.kripkestructure.KripkeStructureTranslator.translateEndOfProgram(Ljava/util/List;I)Z (129 bytes) @ 0x02905d0c [0x02905c80+0x8c]
J 198% C1 com.system.kripkestructure.KripkeStructureTranslator.translateRead(Ljava/util/List;I)Z (961 bytes) @ 0x02920e78 [0x029204e0+0x998]
j  com.system.kripkestructure.KripkeStructureTranslator.translateProgram()Z+279
j  com.system.kripkestructure.KripkeStructureTranslator.tryTranslate()Z+70
j  com.system.Controller.startVerification()Lcom/system/CTLVerificator;+125
j  com.system.ControllerTest.testStartVerification()V+43
v  ~StubRoutines::call_stub
j  sun.reflect.NativeMethodAccessorImpl.invoke0(Ljava/lang/reflect/Method;Ljava/lang/Object;[Ljava/lang/Object;)Ljava/lang/Object;+0
j  sun.reflect.NativeMethodAccessorImpl.invoke(Ljava/lang/Object;[Ljava/lang/Object;)Ljava/lang/Object;+100
j  sun.reflect.DelegatingMethodAccessorImpl.invoke(Ljava/lang/Object;[Ljava/lang/Object;)Ljava/lang/Object;+6
j  java.lang.reflect.Method.invoke(Ljava/lang/Object;[Ljava/lang/Object;)Ljava/lang/Object;+56
j  org.junit.runners.model.FrameworkMethod$1.runReflectiveCall()Ljava/lang/Object;+15
j  org.junit.internal.runners.model.ReflectiveCallable.run()Ljava/lang/Object;+1
j  org.junit.runners.model.FrameworkMethod.invokeExplosively(Ljava/lang/Object;[Ljava/lang/Object;)Ljava/lang/Object;+10
j  org.junit.internal.runners.statements.InvokeMethod.evaluate()V+12
j  org.junit.runners.ParentRunner.runLeaf(Lorg/junit/runners/model/Statement;Lorg/junit/runner/Description;Lorg/junit/runner/notification/RunNotifier;)V+17
j  org.junit.runners.BlockJUnit4ClassRunner.runChild(Lorg/junit/runners/model/FrameworkMethod;Lorg/junit/runner/notification/RunNotifier;)V+32
j  org.junit.runners.BlockJUnit4ClassRunner.runChild(Ljava/lang/Object;Lorg/junit/runner/notification/RunNotifier;)V+6
j  org.junit.runners.ParentRunner$3.run()V+12
j  org.junit.runners.ParentRunner$1.schedule(Ljava/lang/Runnable;)V+1
j  org.junit.runners.ParentRunner.runChildren(Lorg/junit/runner/notification/RunNotifier;)V+40
j  org.junit.runners.ParentRunner.access$000(Lorg/junit/runners/ParentRunner;Lorg/junit/runner/notification/RunNotifier;)V+2
j  org.junit.runners.ParentRunner$2.evaluate()V+8
j  org.junit.runners.ParentRunner.run(Lorg/junit/runner/notification/RunNotifier;)V+20
j  org.apache.maven.surefire.junit4.JUnit4TestSet.execute(Ljava/lang/Class;Lorg/junit/runner/notification/RunNotifier;Ljava/lang/String;)V+79
j  org.apache.maven.surefire.junit4.JUnit4Provider.executeTestSet(Ljava/lang/Class;Lorg/apache/maven/surefire/report/RunListener;Lorg/junit/runner/notification/RunNotifier;)V+34
j  org.apache.maven.surefire.junit4.JUnit4Provider.invoke(Ljava/lang/Object;)Lorg/apache/maven/surefire/suite/RunResult;+133
v  ~StubRoutines::call_stub
j  sun.reflect.NativeMethodAccessorImpl.invoke0(Ljava/lang/reflect/Method;Ljava/lang/Object;[Ljava/lang/Object;)Ljava/lang/Object;+0
j  sun.reflect.NativeMethodAccessorImpl.invoke(Ljava/lang/Object;[Ljava/lang/Object;)Ljava/lang/Object;+100
j  sun.reflect.DelegatingMethodAccessorImpl.invoke(Ljava/lang/Object;[Ljava/lang/Object;)Ljava/lang/Object;+6
j  java.lang.reflect.Method.invoke(Ljava/lang/Object;[Ljava/lang/Object;)Ljava/lang/Object;+56
j  org.apache.maven.surefire.util.ReflectionUtils.invokeMethodWithArray(Ljava/lang/Object;Ljava/lang/reflect/Method;[Ljava/lang/Object;)Ljava/lang/Object;+3
j  org.apache.maven.surefire.booter.ProviderFactory$ProviderProxy.invoke(Ljava/lang/Object;)Lorg/apache/maven/surefire/suite/RunResult;+29
j  org.apache.maven.surefire.booter.SurefireStarter.invokeProvider(Ljava/lang/Object;Ljava/lang/ClassLoader;Ljava/lang/ClassLoader;Ljava/lang/Object;)Lorg/apache/maven/surefire/suite/RunResult;+41
j  org.apache.maven.surefire.booter.SurefireStarter.runSuitesInProcessWhenForked()Lorg/apache/maven/surefire/suite/RunResult;+33
j  org.apache.maven.surefire.booter.ForkedBooter.main([Ljava/lang/String;)V+109
v  ~StubRoutines::call_stub

---------------  P R O C E S S  ---------------

Java Threads: ( => current thread )
  0x15427400 JavaThread "RMI TCP Connection(2)-192.168.56.1" daemon [_thread_in_native, id=4796, stack(0x4a680000,0x4a6d0000)]
  0x153f8000 JavaThread "JMX server connection timeout 12" daemon [_thread_blocked, id=2100, stack(0x4a5f0000,0x4a640000)]
  0x1540e400 JavaThread "RMI Scheduler(0)" daemon [_thread_blocked, id=5732, stack(0x4a560000,0x4a5b0000)]
  0x153fc800 JavaThread "RMI TCP Connection(idle)" daemon [_thread_blocked, id=7228, stack(0x4a3d0000,0x4a420000)]
  0x153c4400 JavaThread "RMI TCP Accept-0" daemon [_thread_in_native, id=2988, stack(0x4a340000,0x4a390000)]
  0x14e92800 JavaThread "Service Thread" daemon [_thread_blocked, id=5964, stack(0x04940000,0x04990000)]
  0x14e9cc00 JavaThread "C1 CompilerThread0" daemon [_thread_blocked, id=6732, stack(0x048b0000,0x04900000)]
  0x14e9b400 JavaThread "Attach Listener" daemon [_thread_blocked, id=2324, stack(0x04820000,0x04870000)]
  0x14e99400 JavaThread "Signal Dispatcher" daemon [_thread_blocked, id=8168, stack(0x01350000,0x013a0000)]
  0x14e69000 JavaThread "Finalizer" daemon [_thread_blocked, id=5104, stack(0x012c0000,0x01310000)]
  0x14e64000 JavaThread "Reference Handler" daemon [_thread_blocked, id=4124, stack(0x01230000,0x01280000)]
=>0x010ad800 JavaThread "main" [_thread_in_native, id=5036, stack(0x00d60000,0x00db0000)]

Other Threads:
  0x00fce000 VMThread [stack: 0x011a0000,0x011f0000] [id=4272]
  0x14e96000 WatcherThread [stack: 0x15260000,0x152b0000] [id=7708]

VM state:not at safepoint (normal execution)

VM Mutex/Monitor currently owned by a thread: None

Heap:
 def new generation   total 4928K, used 4173K [0x04a00000, 0x04f50000, 0x09f50000)
  eden space 4416K,  94% used [0x04a00000, 0x04e134e8, 0x04e50000)
  from space 512K,   0% used [0x04ed0000, 0x04ed00b0, 0x04f50000)
  to   space 512K,   0% used [0x04e50000, 0x04e50000, 0x04ed0000)
 tenured generation   total 10944K, used 2576K [0x09f50000, 0x0aa00000, 0x14a00000)
   the space 10944K,  23% used [0x09f50000, 0x0a1d42b0, 0x0a1d4400, 0x0aa00000)
 Metaspace       used 6240K, capacity 6465K, committed 6528K, reserved 6528K

Card table byte_map: [0x010b0000,0x01140000] byte_map_base: 0x0108b000

Polling page: 0x008c0000

CodeCache: size=32768Kb used=1259Kb max_used=1259Kb free=31508Kb
 bounds [0x02820000, 0x02960000, 0x04820000]
 total_blobs=581 nmethods=404 adapters=108
 compilation: enabled

Compilation events (10 events):
Event: 18.412 Thread 0x14e9cc00  408             java.io.ObjectOutputStream::writeString (74 bytes)
Event: 18.413 Thread 0x14e9cc00 nmethod 408 0x02959bc8 code [0x02959d40, 0x02959fe0]
Event: 22.443 Thread 0x14e9cc00  409             java.io.Bits::getShort (18 bytes)
Event: 22.443 Thread 0x14e9cc00 nmethod 409 0x0295a488 code [0x0295a580, 0x0295a630]
Event: 22.443 Thread 0x14e9cc00  410             java.io.ObjectInputStream$HandleTable::finish (111 bytes)
Event: 22.444 Thread 0x14e9cc00 nmethod 410 0x0295a708 code [0x0295a820, 0x0295aa1c]
Event: 24.464 Thread 0x14e9cc00  411             java.io.ObjectInputStream$BlockDataInputStream::getBlockDataMode (5 bytes)
Event: 24.465 Thread 0x14e9cc00 nmethod 411 0x0295ac08 code [0x0295ad00, 0x0295ad80]
Event: 35.346 Thread 0x14e9cc00  412             java.io.ObjectInputStream$HandleTable::lookupException (29 bytes)
Event: 35.347 Thread 0x14e9cc00 nmethod 412 0x0295adc8 code [0x0295aed0, 0x0295afd0]

GC Heap History (10 events):
Event: 34.326 GC heap before
{Heap before GC invocations=2000 (full 0):
 def new generation   total 4928K, used 4416K [0x04a00000, 0x04f50000, 0x09f50000)
  eden space 4416K, 100% used [0x04a00000, 0x04e50000, 0x04e50000)
  from space 512K,   0% used [0x04e50000, 0x04e50070, 0x04ed0000)
  to   space 512K,   0% used [0x04ed0000, 0x04ed0000, 0x04f50000)
 tenured generation   total 10944K, used 2576K [0x09f50000, 0x0aa00000, 0x14a00000)
   the space 10944K,  23% used [0x09f50000, 0x0a1d42b0, 0x0a1d4400, 0x0aa00000)
 Metaspace       used 6236K, capacity 6465K, committed 6528K, reserved 6528K
Event: 34.326 GC heap after
Heap after GC invocations=2001 (full 0):
 def new generation   total 4928K, used 0K [0x04a00000, 0x04f50000, 0x09f50000)
  eden space 4416K,   0% used [0x04a00000, 0x04a00000, 0x04e50000)
  from space 512K,   0% used [0x04ed0000, 0x04ed0070, 0x04f50000)
  to   space 512K,   0% used [0x04e50000, 0x04e50000, 0x04ed0000)
 tenured generation   total 10944K, used 2576K [0x09f50000, 0x0aa00000, 0x14a00000)
   the space 10944K,  23% used [0x09f50000, 0x0a1d42b0, 0x0a1d4400, 0x0aa00000)
 Metaspace       used 6236K, capacity 6465K, committed 6528K, reserved 6528K
}
Event: 34.345 GC heap before
{Heap before GC invocations=2001 (full 0):
 def new generation   total 4928K, used 4416K [0x04a00000, 0x04f50000, 0x09f50000)
  eden space 4416K, 100% used [0x04a00000, 0x04e50000, 0x04e50000)
  from space 512K,   0% used [0x04ed0000, 0x04ed0070, 0x04f50000)
  to   space 512K,   0% used [0x04e50000, 0x04e50000, 0x04ed0000)
 tenured generation   total 10944K, used 2576K [0x09f50000, 0x0aa00000, 0x14a00000)
   the space 10944K,  23% used [0x09f50000, 0x0a1d42b0, 0x0a1d4400, 0x0aa00000)
 Metaspace       used 6236K, capacity 6465K, committed 6528K, reserved 6528K
Event: 34.346 GC heap after
Heap after GC invocations=2002 (full 0):
 def new generation   total 4928K, used 0K [0x04a00000, 0x04f50000, 0x09f50000)
  eden space 4416K,   0% used [0x04a00000, 0x04a00000, 0x04e50000)
  from space 512K,   0% used [0x04e50000, 0x04e50070, 0x04ed0000)
  to   space 512K,   0% used [0x04ed0000, 0x04ed0000, 0x04f50000)
 tenured generation   total 10944K, used 2576K [0x09f50000, 0x0aa00000, 0x14a00000)
   the space 10944K,  23% used [0x09f50000, 0x0a1d42b0, 0x0a1d4400, 0x0aa00000)
 Metaspace       used 6236K, capacity 6465K, committed 6528K, reserved 6528K
}
Event: 34.370 GC heap before
{Heap before GC invocations=2002 (full 0):
 def new generation   total 4928K, used 4416K [0x04a00000, 0x04f50000, 0x09f50000)
  eden space 4416K, 100% used [0x04a00000, 0x04e50000, 0x04e50000)
  from space 512K,   0% used [0x04e50000, 0x04e50070, 0x04ed0000)
  to   space 512K,   0% used [0x04ed0000, 0x04ed0000, 0x04f50000)
 tenured generation   total 10944K, used 2576K [0x09f50000, 0x0aa00000, 0x14a00000)
   the space 10944K,  23% used [0x09f50000, 0x0a1d42b0, 0x0a1d4400, 0x0aa00000)
 Metaspace       used 6236K, capacity 6465K, committed 6528K, reserved 6528K
Event: 34.370 GC heap after
Heap after GC invocations=2003 (full 0):
 def new generation   total 4928K, used 0K [0x04a00000, 0x04f50000, 0x09f50000)
  eden space 4416K,   0% used [0x04a00000, 0x04a00000, 0x04e50000)
  from space 512K,   0% used [0x04ed0000, 0x04ed00b0, 0x04f50000)
  to   space 512K,   0% used [0x04e50000, 0x04e50000, 0x04ed0000)
 tenured generation   total 10944K, used 2576K [0x09f50000, 0x0aa00000, 0x14a00000)
   the space 10944K,  23% used [0x09f50000, 0x0a1d42b0, 0x0a1d4400, 0x0aa00000)
 Metaspace       used 6236K, capacity 6465K, committed 6528K, reserved 6528K
}
Event: 34.391 GC heap before
{Heap before GC invocations=2003 (full 0):
 def new generation   total 4928K, used 4416K [0x04a00000, 0x04f50000, 0x09f50000)
  eden space 4416K, 100% used [0x04a00000, 0x04e50000, 0x04e50000)
  from space 512K,   0% used [0x04ed0000, 0x04ed00b0, 0x04f50000)
  to   space 512K,   0% used [0x04e50000, 0x04e50000, 0x04ed0000)
 tenured generation   total 10944K, used 2576K [0x09f50000, 0x0aa00000, 0x14a00000)
   the space 10944K,  23% used [0x09f50000, 0x0a1d42b0, 0x0a1d4400, 0x0aa00000)
 Metaspace       used 6236K, capacity 6465K, committed 6528K, reserved 6528K
Event: 34.391 GC heap after
Heap after GC invocations=2004 (full 0):
 def new generation   total 4928K, used 0K [0x04a00000, 0x04f50000, 0x09f50000)
  eden space 4416K,   0% used [0x04a00000, 0x04a00000, 0x04e50000)
  from space 512K,   0% used [0x04e50000, 0x04e500b0, 0x04ed0000)
  to   space 512K,   0% used [0x04ed0000, 0x04ed0000, 0x04f50000)
 tenured generation   total 10944K, used 2576K [0x09f50000, 0x0aa00000, 0x14a00000)
   the space 10944K,  23% used [0x09f50000, 0x0a1d42b0, 0x0a1d4400, 0x0aa00000)
 Metaspace       used 6236K, capacity 6465K, committed 6528K, reserved 6528K
}
Event: 34.409 GC heap before
{Heap before GC invocations=2004 (full 0):
 def new generation   total 4928K, used 4416K [0x04a00000, 0x04f50000, 0x09f50000)
  eden space 4416K, 100% used [0x04a00000, 0x04e50000, 0x04e50000)
  from space 512K,   0% used [0x04e50000, 0x04e500b0, 0x04ed0000)
  to   space 512K,   0% used [0x04ed0000, 0x04ed0000, 0x04f50000)
 tenured generation   total 10944K, used 2576K [0x09f50000, 0x0aa00000, 0x14a00000)
   the space 10944K,  23% used [0x09f50000, 0x0a1d42b0, 0x0a1d4400, 0x0aa00000)
 Metaspace       used 6236K, capacity 6465K, committed 6528K, reserved 6528K
Event: 34.409 GC heap after
Heap after GC invocations=2005 (full 0):
 def new generation   total 4928K, used 0K [0x04a00000, 0x04f50000, 0x09f50000)
  eden space 4416K,   0% used [0x04a00000, 0x04a00000, 0x04e50000)
  from space 512K,   0% used [0x04ed0000, 0x04ed00b0, 0x04f50000)
  to   space 512K,   0% used [0x04e50000, 0x04e50000, 0x04ed0000)
 tenured generation   total 10944K, used 2576K [0x09f50000, 0x0aa00000, 0x14a00000)
   the space 10944K,  23% used [0x09f50000, 0x0a1d42b0, 0x0a1d4400, 0x0aa00000)
 Metaspace       used 6236K, capacity 6465K, committed 6528K, reserved 6528K
}

Deoptimization events (0 events):
No events

Internal exceptions (10 events):
Event: 3.190 Thread 0x153fc800 Exception <a 'java/lang/NoSuchMethodError': <clinit>> (0x04c0a0b0) thrown at [D:\re\puppet\workspace\8-2-build-windows-i586-cygwin\jdk8u60\4407\hotspot\src\share\vm\prims\jni.cpp, line 1591]
Event: 3.194 Thread 0x153fc800 Exception <a 'java/lang/ClassNotFoundException': javax/management/remote/rmi/RMIConnectionImpl_Skel> (0x04cc27e8) thrown at [D:\re\puppet\workspace\8-2-build-windows-i586-cygwin\jdk8u60\4407\hotspot\src\share\vm\classfile\systemDictionary.cpp, line 210]
Event: 3.220 Thread 0x153fc800 Exception <a 'java/lang/NoSuchMethodError': <clinit>> (0x04ab5e68) thrown at [D:\re\puppet\workspace\8-2-build-windows-i586-cygwin\jdk8u60\4407\hotspot\src\share\vm\prims\jni.cpp, line 1591]
Event: 3.235 Thread 0x153fc800 Exception <a 'java/lang/NoSuchMethodError': <clinit>> (0x04df1000) thrown at [D:\re\puppet\workspace\8-2-build-windows-i586-cygwin\jdk8u60\4407\hotspot\src\share\vm\prims\jni.cpp, line 1591]
Event: 3.238 Thread 0x153fc800 Exception <a 'java/lang/NoSuchMethodError': <clinit>> (0x04a15ad8) thrown at [D:\re\puppet\workspace\8-2-build-windows-i586-cygwin\jdk8u60\4407\hotspot\src\share\vm\prims\jni.cpp, line 1591]
Event: 3.238 Thread 0x153fc800 Exception <a 'java/lang/NoSuchMethodError': <clinit>> (0x04a16420) thrown at [D:\re\puppet\workspace\8-2-build-windows-i586-cygwin\jdk8u60\4407\hotspot\src\share\vm\prims\jni.cpp, line 1591]
Event: 3.239 Thread 0x153fc800 Exception <a 'java/lang/NoSuchMethodError': <clinit>> (0x04a88770) thrown at [D:\re\puppet\workspace\8-2-build-windows-i586-cygwin\jdk8u60\4407\hotspot\src\share\vm\prims\jni.cpp, line 1591]
Event: 3.240 Thread 0x153fc800 Exception <a 'java/lang/NoSuchMethodError': <clinit>> (0x04a892e0) thrown at [D:\re\puppet\workspace\8-2-build-windows-i586-cygwin\jdk8u60\4407\hotspot\src\share\vm\prims\jni.cpp, line 1591]
Event: 3.240 Thread 0x153fc800 Exception <a 'java/lang/NoSuchMethodError': <clinit>> (0x04a89e28) thrown at [D:\re\puppet\workspace\8-2-build-windows-i586-cygwin\jdk8u60\4407\hotspot\src\share\vm\prims\jni.cpp, line 1591]
Event: 4.260 Thread 0x153fc800 Exception <a 'java/lang/NoSuchMethodError': <clinit>> (0x04acafa0) thrown at [D:\re\puppet\workspace\8-2-build-windows-i586-cygwin\jdk8u60\4407\hotspot\src\share\vm\prims\jni.cpp, line 1591]

Events (10 events):
Event: 34.409 Executing VM operation: GenCollectForAllocation
Event: 34.409 Executing VM operation: GenCollectForAllocation done
Event: 34.607 Executing VM operation: ThreadDump
Event: 34.607 Executing VM operation: ThreadDump done
Event: 34.611 Executing VM operation: FindDeadlocks
Event: 34.611 Executing VM operation: FindDeadlocks done
Event: 35.607 Executing VM operation: ThreadDump
Event: 35.608 Executing VM operation: ThreadDump done
Event: 35.898 loading class org/apache/maven/surefire/util/internal/ByteBuffer
Event: 35.898 loading class org/apache/maven/surefire/util/internal/ByteBuffer done


Dynamic libraries:
0x013e0000 - 0x01413000 	C:\Program Files (x86)\Java\jdk1.8.0_60\jre\bin\java.exe
0x77140000 - 0x772ae000 	C:\WINDOWS\SYSTEM32\ntdll.dll
0x74a30000 - 0x74b70000 	C:\WINDOWS\SYSTEM32\KERNEL32.DLL
0x74b90000 - 0x74c67000 	C:\WINDOWS\SYSTEM32\KERNELBASE.dll
0x74330000 - 0x743d0000 	C:\WINDOWS\system32\apphelp.dll
0x63a20000 - 0x63c86000 	C:\WINDOWS\AppPatch\AcGenral.DLL
0x76c70000 - 0x76d33000 	C:\WINDOWS\SYSTEM32\msvcrt.dll
0x74c70000 - 0x74cb1000 	C:\WINDOWS\SYSTEM32\sechost.dll
0x74940000 - 0x7495e000 	C:\WINDOWS\SYSTEM32\SspiCli.dll
0x76a00000 - 0x76a45000 	C:\WINDOWS\SYSTEM32\SHLWAPI.dll
0x71a20000 - 0x71b0d000 	C:\WINDOWS\SYSTEM32\UxTheme.dll
0x76a50000 - 0x76ba3000 	C:\WINDOWS\SYSTEM32\USER32.dll
0x76e60000 - 0x76f6f000 	C:\WINDOWS\SYSTEM32\GDI32.dll
0x71b40000 - 0x71b63000 	C:\WINDOWS\SYSTEM32\WINMM.dll
0x717e0000 - 0x717f3000 	C:\WINDOWS\SYSTEM32\samcli.dll
0x75090000 - 0x751b9000 	C:\WINDOWS\SYSTEM32\ole32.dll
0x74960000 - 0x749f5000 	C:\WINDOWS\SYSTEM32\OLEAUT32.dll
0x70260000 - 0x70277000 	C:\WINDOWS\SYSTEM32\MSACM32.dll
0x71bf0000 - 0x71bf8000 	C:\WINDOWS\SYSTEM32\VERSION.dll
0x75700000 - 0x769ad000 	C:\WINDOWS\SYSTEM32\SHELL32.dll
0x748a0000 - 0x748bb000 	C:\WINDOWS\SYSTEM32\USERENV.dll
0x71a00000 - 0x71a1a000 	C:\WINDOWS\SYSTEM32\dwmapi.dll
0x70060000 - 0x701aa000 	C:\WINDOWS\SYSTEM32\urlmon.dll
0x76bb0000 - 0x76c2c000 	C:\WINDOWS\SYSTEM32\ADVAPI32.dll
0x74560000 - 0x745c5000 	C:\WINDOWS\SYSTEM32\WINSPOOL.DRV
0x63a00000 - 0x63a16000 	C:\WINDOWS\SYSTEM32\MPR.dll
0x75230000 - 0x752ea000 	C:\WINDOWS\SYSTEM32\RPCRT4.dll
0x74930000 - 0x7493a000 	C:\WINDOWS\SYSTEM32\CRYPTBASE.dll
0x754b0000 - 0x7562d000 	C:\WINDOWS\SYSTEM32\combase.dll
0x71b10000 - 0x71b33000 	C:\WINDOWS\SYSTEM32\WINMMBASE.dll
0x74880000 - 0x7488f000 	C:\WINDOWS\SYSTEM32\profapi.dll
0x6fe20000 - 0x70052000 	C:\WINDOWS\SYSTEM32\iertutil.dll
0x6fbe0000 - 0x6fdc4000 	C:\WINDOWS\SYSTEM32\WININET.dll
0x748d0000 - 0x74924000 	C:\WINDOWS\SYSTEM32\bcryptPrimitives.dll
0x74fc0000 - 0x74ffc000 	C:\WINDOWS\SYSTEM32\cfgmgr32.dll
0x74800000 - 0x74821000 	C:\WINDOWS\SYSTEM32\DEVOBJ.dll
0x74660000 - 0x746eb000 	C:\WINDOWS\SYSTEM32\SHCORE.DLL
0x74a00000 - 0x74a27000 	C:\WINDOWS\system32\IMM32.DLL
0x76d40000 - 0x76e52000 	C:\WINDOWS\SYSTEM32\MSCTF.dll
0x70d60000 - 0x70f66000 	C:\WINDOWS\WinSxS\x86_microsoft.windows.common-controls_6595b64144ccf1df_6.0.9600.17810_none_a9edf09f013934e0\COMCTL32.dll
0x63940000 - 0x639ff000 	C:\Program Files (x86)\Java\jdk1.8.0_60\jre\bin\msvcr100.dll
0x60ca0000 - 0x61065000 	C:\Program Files (x86)\Java\jdk1.8.0_60\jre\bin\client\jvm.dll
0x71ca0000 - 0x71ca8000 	C:\WINDOWS\SYSTEM32\WSOCK32.dll
0x76fd0000 - 0x76fd6000 	C:\WINDOWS\SYSTEM32\PSAPI.DLL
0x769b0000 - 0x76a00000 	C:\WINDOWS\SYSTEM32\WS2_32.dll
0x75630000 - 0x75637000 	C:\WINDOWS\SYSTEM32\NSI.dll
0x6fb70000 - 0x6fb7c000 	C:\Program Files (x86)\Java\jdk1.8.0_60\jre\bin\verify.dll
0x688a0000 - 0x688c1000 	C:\Program Files (x86)\Java\jdk1.8.0_60\jre\bin\java.dll
0x68880000 - 0x68893000 	C:\Program Files (x86)\Java\jdk1.8.0_60\jre\bin\zip.dll
0x156b0000 - 0x156e9000 	D:\git\modelcheckingsystem\ModelCheckingSystem\buddy.dll
0x68820000 - 0x68835000 	C:\Program Files (x86)\Java\jdk1.8.0_60\jre\bin\net.dll
0x746f0000 - 0x7473b000 	C:\WINDOWS\system32\mswsock.dll
0x74480000 - 0x744fe000 	C:\WINDOWS\SYSTEM32\DNSAPI.dll
0x743d0000 - 0x743d8000 	C:\Windows\System32\rasadhlp.dll
0x743e0000 - 0x74426000 	C:\WINDOWS\System32\fwpuclnt.dll
0x68710000 - 0x6871a000 	C:\Program Files (x86)\Java\jdk1.8.0_60\jre\bin\management.dll
0x6fb60000 - 0x6fb6f000 	C:\Program Files (x86)\Java\jdk1.8.0_60\jre\bin\nio.dll
0x728e0000 - 0x728f9000 	C:\WINDOWS\SYSTEM32\CRYPTSP.dll
0x728b0000 - 0x728e0000 	C:\WINDOWS\system32\rsaenh.dll
0x72890000 - 0x728ae000 	C:\WINDOWS\SYSTEM32\bcrypt.dll
0x74440000 - 0x74460000 	C:\WINDOWS\SYSTEM32\IPHLPAPI.DLL
0x74430000 - 0x74438000 	C:\WINDOWS\SYSTEM32\WINNSI.DLL
0x6f8d0000 - 0x6f8e3000 	C:\WINDOWS\SYSTEM32\dhcpcsvc6.DLL
0x6f8b0000 - 0x6f8c4000 	C:\WINDOWS\SYSTEM32\dhcpcsvc.DLL
0x74540000 - 0x74551000 	C:\WINDOWS\system32\napinsp.dll
0x74520000 - 0x74536000 	C:\WINDOWS\system32\pnrpnsp.dll
0x74500000 - 0x74514000 	C:\WINDOWS\system32\NLAapi.dll
0x74470000 - 0x7447a000 	C:\WINDOWS\System32\winrnr.dll
0x74460000 - 0x74470000 	C:\WINDOWS\system32\wshbth.dll
0x6f970000 - 0x6fab1000 	C:\WINDOWS\SYSTEM32\dbghelp.dll

VM Arguments:
java_command: D:\git\modelcheckingsystem\ModelCheckingSystem\target\surefire\surefirebooter8109627673415274295.jar D:\git\modelcheckingsystem\ModelCheckingSystem\target\surefire\surefire2655778274713343329tmp D:\git\modelcheckingsystem\ModelCheckingSystem\target\surefire\surefire873354722771420302tmp
java_class_path (initial): D:\git\modelcheckingsystem\ModelCheckingSystem\target\surefire\surefirebooter8109627673415274295.jar
Launcher Type: SUN_STANDARD

Environment Variables:
JAVA_HOME=C:\Program Files (x86)\Java\jdk1.8.0_60
USERNAME=173042
OS=Windows_NT
PROCESSOR_IDENTIFIER=Intel64 Family 6 Model 69 Stepping 1, GenuineIntel



---------------  S Y S T E M  ---------------

OS: Windows 8.1 , 64 bit Build 9600 (6.3.9600.17415)

CPU:total 4 (2 cores per cpu, 2 threads per core) family 6 model 69 stepping 1, cmov, cx8, fxsr, mmx, sse, sse2, sse3, ssse3, sse4.1, sse4.2, popcnt, avx, avx2, aes, clmul, erms, lzcnt, ht, tsc, tscinvbit, bmi1, bmi2

Memory: 4k page, physical 6172128k(1967668k free), swap 8072672k(2688080k free)

vm_info: Java HotSpot(TM) Client VM (25.60-b23) for windows-x86 JRE (1.8.0_60-b27), built on Aug  4 2015 10:57:40 by "java_re" with MS VC++ 10.0 (VS2010)

time: Tue Aug 25 20:11:38 2015
elapsed time: 35 seconds (0d 0h 0m 35s)

