#
# A fatal error has been detected by the Java Runtime Environment:
#
#  EXCEPTION_ACCESS_VIOLATION (0xc0000005) at pc=0x15efc418, pid=2524, tid=5584
#
# JRE version: Java(TM) SE Runtime Environment (8.0_60-b27) (build 1.8.0_60-b27)
# Java VM: Java HotSpot(TM) Client VM (25.60-b23 mixed mode windows-x86 )
# Problematic frame:
# C  [buddy.dll+0xc418]
#
# Failed to write core dump. Minidumps are not enabled by default on client versions of Windows
#
# If you would like to submit a bug report, please visit:
#   http://bugreport.java.com/bugreport/crash.jsp
# The crash happened outside the Java Virtual Machine in native code.
# See problematic frame for where to report the bug.
#

---------------  T H R E A D  ---------------

Current thread (0x02dfd800):  JavaThread "main" [_thread_in_native, id=5584, stack(0x02ad0000,0x02b20000)]

siginfo: ExceptionCode=0xc0000005, reading address 0x51eff220

Registers:
EAX=0x3bb18200, EBX=0x0f88558b, ECX=0x163e7020, EDX=0x03bb1820
ESP=0x02b1e3c4, EBP=0x02b1e408, ESI=0x00000026, EDI=0x0000592d
EIP=0x15efc418, EFLAGS=0x00010206

Top of Stack: (sp=0x02b1e3c4)
0x02b1e3c4:   0096a17c 00000000 15ef7c34 00ab97b0
0x02b1e3d4:   3369da34 03457e09 0058c3d4 160f0af8
0x02b1e3e4:   0000000e 0045d00f 4f7a5020 15ef8153
0x02b1e3f4:   03457e0a 0058c3e0 160f0af8 02dfd800
0x02b1e404:   03bb1820 4f7a5020 15ef8153 00000026
0x02b1e414:   000000af 00000000 15f23258 15efdd27
0x02b1e424:   068afc16 4f7a5020 0058c3ec 03457e0b
0x02b1e434:   15ef80cb ffffffff 03567e03 068afc18 

Instructions: (pc=0x15efc418)
0x15efc3f8:   d1 eb 03 d9 8b 0d 90 36 f2 15 8b c3 f7 f1 8b 0d
0x15efc408:   7c 36 f2 15 89 55 fc 8d 04 12 03 c0 03 c0 03 c0
0x15efc418:   8b 3c 08 81 e7 ff ff ff 07 74 3c 8b 55 08 89 5d
0x15efc428:   e8 8b f2 c1 e6 1b c1 e2 16 0b 75 0c 81 e2 00 00 


Register to memory mapping:

EAX=0x3bb18200 is an unknown value
EBX=0x0f88558b is pointing into object: 0x0f885550
[C 
 - klass: {type array char}
 - length: 228
ECX=0x163e7020 is an unknown value
EDX=0x03bb1820 is an unknown value
ESP=0x02b1e3c4 is pointing into the stack for thread: 0x02dfd800
EBP=0x02b1e408 is pointing into the stack for thread: 0x02dfd800
ESI=0x00000026 is an unknown value
EDI=0x0000592d is an unknown value


Stack: [0x02ad0000,0x02b20000],  sp=0x02b1e3c4,  free space=312k
Native frames: (J=compiled Java code, j=interpreted, Vv=VM code, C=native code)
C  [buddy.dll+0xc418]
C  [buddy.dll+0x8153]

Java frames: (J=compiled Java code, j=interpreted, Vv=VM code)
j  net.sf.javabdd.BuDDyFactory$BuDDyBDD.exist0(II)I+0
j  net.sf.javabdd.BuDDyFactory$BuDDyBDD.exist(Lnet/sf/javabdd/BDD;)Lnet/sf/javabdd/BDD;+13
j  com.system.temporallogic.CTLTranslator.backwardImage(Lnet/sf/javabdd/BDD;)Lnet/sf/javabdd/BDD;+26
j  com.system.temporallogic.CTLTranslator.translateEx(Lnet/sf/javabdd/BDD;)Lnet/sf/javabdd/BDD;+24
j  com.system.temporallogic.CTLTranslator.translateEf(Lnet/sf/javabdd/BDD;)Lnet/sf/javabdd/BDD;+2
j  com.system.temporallogic.CTLTranslator.translateToBDD()V+1303
j  com.system.temporallogic.CTLTranslator.getBDDResult()Lnet/sf/javabdd/BDD;+26
j  com.system.Controller.startVerification()Lcom/system/CTLVerificator;+223
j  com.system.ControllerTest.testStartVerification()V+43
v  ~StubRoutines::call_stub
j  sun.reflect.NativeMethodAccessorImpl.invoke0(Ljava/lang/reflect/Method;Ljava/lang/Object;[Ljava/lang/Object;)Ljava/lang/Object;+0
j  sun.reflect.NativeMethodAccessorImpl.invoke(Ljava/lang/Object;[Ljava/lang/Object;)Ljava/lang/Object;+100
j  sun.reflect.DelegatingMethodAccessorImpl.invoke(Ljava/lang/Object;[Ljava/lang/Object;)Ljava/lang/Object;+6
j  java.lang.reflect.Method.invoke(Ljava/lang/Object;[Ljava/lang/Object;)Ljava/lang/Object;+56
j  org.junit.runners.model.FrameworkMethod$1.runReflectiveCall()Ljava/lang/Object;+15
j  org.junit.internal.runners.model.ReflectiveCallable.run()Ljava/lang/Object;+1
j  org.junit.runners.model.FrameworkMethod.invokeExplosively(Ljava/lang/Object;[Ljava/lang/Object;)Ljava/lang/Object;+10
j  org.junit.internal.runners.statements.InvokeMethod.evaluate()V+12
j  org.junit.runners.ParentRunner.runLeaf(Lorg/junit/runners/model/Statement;Lorg/junit/runner/Description;Lorg/junit/runner/notification/RunNotifier;)V+17
j  org.junit.runners.BlockJUnit4ClassRunner.runChild(Lorg/junit/runners/model/FrameworkMethod;Lorg/junit/runner/notification/RunNotifier;)V+32
j  org.junit.runners.BlockJUnit4ClassRunner.runChild(Ljava/lang/Object;Lorg/junit/runner/notification/RunNotifier;)V+6
j  org.junit.runners.ParentRunner$3.run()V+12
j  org.junit.runners.ParentRunner$1.schedule(Ljava/lang/Runnable;)V+1
j  org.junit.runners.ParentRunner.runChildren(Lorg/junit/runner/notification/RunNotifier;)V+40
j  org.junit.runners.ParentRunner.access$000(Lorg/junit/runners/ParentRunner;Lorg/junit/runner/notification/RunNotifier;)V+2
j  org.junit.runners.ParentRunner$2.evaluate()V+8
j  org.junit.runners.ParentRunner.run(Lorg/junit/runner/notification/RunNotifier;)V+20
j  org.apache.maven.surefire.junit4.JUnit4TestSet.execute(Ljava/lang/Class;Lorg/junit/runner/notification/RunNotifier;Ljava/lang/String;)V+79
j  org.apache.maven.surefire.junit4.JUnit4Provider.executeTestSet(Ljava/lang/Class;Lorg/apache/maven/surefire/report/RunListener;Lorg/junit/runner/notification/RunNotifier;)V+34
j  org.apache.maven.surefire.junit4.JUnit4Provider.invoke(Ljava/lang/Object;)Lorg/apache/maven/surefire/suite/RunResult;+133
v  ~StubRoutines::call_stub
j  sun.reflect.NativeMethodAccessorImpl.invoke0(Ljava/lang/reflect/Method;Ljava/lang/Object;[Ljava/lang/Object;)Ljava/lang/Object;+0
j  sun.reflect.NativeMethodAccessorImpl.invoke(Ljava/lang/Object;[Ljava/lang/Object;)Ljava/lang/Object;+100
j  sun.reflect.DelegatingMethodAccessorImpl.invoke(Ljava/lang/Object;[Ljava/lang/Object;)Ljava/lang/Object;+6
j  java.lang.reflect.Method.invoke(Ljava/lang/Object;[Ljava/lang/Object;)Ljava/lang/Object;+56
j  org.apache.maven.surefire.util.ReflectionUtils.invokeMethodWithArray(Ljava/lang/Object;Ljava/lang/reflect/Method;[Ljava/lang/Object;)Ljava/lang/Object;+3
j  org.apache.maven.surefire.booter.ProviderFactory$ProviderProxy.invoke(Ljava/lang/Object;)Lorg/apache/maven/surefire/suite/RunResult;+29
j  org.apache.maven.surefire.booter.SurefireStarter.invokeProvider(Ljava/lang/Object;Ljava/lang/ClassLoader;Ljava/lang/ClassLoader;Ljava/lang/Object;)Lorg/apache/maven/surefire/suite/RunResult;+41
j  org.apache.maven.surefire.booter.SurefireStarter.runSuitesInProcessWhenForked()Lorg/apache/maven/surefire/suite/RunResult;+33
j  org.apache.maven.surefire.booter.ForkedBooter.main([Ljava/lang/String;)V+109
v  ~StubRoutines::call_stub

---------------  P R O C E S S  ---------------

Java Threads: ( => current thread )
  0x154a1800 JavaThread "Service Thread" daemon [_thread_blocked, id=3408, stack(0x15a10000,0x15a60000)]
  0x1549cc00 JavaThread "C1 CompilerThread0" daemon [_thread_blocked, id=4996, stack(0x15980000,0x159d0000)]
  0x1549b400 JavaThread "Attach Listener" daemon [_thread_blocked, id=6844, stack(0x158f0000,0x15940000)]
  0x15499400 JavaThread "Signal Dispatcher" daemon [_thread_blocked, id=8108, stack(0x15860000,0x158b0000)]
  0x15469000 JavaThread "Finalizer" daemon [_thread_blocked, id=4704, stack(0x04f40000,0x04f90000)]
  0x15464000 JavaThread "Reference Handler" daemon [_thread_blocked, id=8004, stack(0x04eb0000,0x04f00000)]
=>0x02dfd800 JavaThread "main" [_thread_in_native, id=5584, stack(0x02ad0000,0x02b20000)]

Other Threads:
  0x02c1e000 VMThread [stack: 0x04e20000,0x04e70000] [id=4948]
  0x154a5800 WatcherThread [stack: 0x15aa0000,0x15af0000] [id=3144]

VM state:not at safepoint (normal execution)

VM Mutex/Monitor currently owned by a thread: None

Heap:
 def new generation   total 45568K, used 30093K [0x05000000, 0x08170000, 0x0a550000)
  eden space 40512K,  68% used [0x05000000, 0x06ae7100, 0x07790000)
  from space 5056K,  50% used [0x07790000, 0x07a0c398, 0x07c80000)
  to   space 5056K,   0% used [0x07c80000, 0x07c80000, 0x08170000)
 tenured generation   total 101128K, used 89885K [0x0a550000, 0x10812000, 0x15000000)
   the space 101128K,  88% used [0x0a550000, 0x0fd174c0, 0x0fd17600, 0x10812000)
 Metaspace       used 3317K, capacity 3360K, committed 3392K, reserved 4480K

Card table byte_map: [0x02cb0000,0x02d40000] byte_map_base: 0x02c88000

Polling page: 0x01230000

CodeCache: size=32768Kb used=1531Kb max_used=1531Kb free=31236Kb
 bounds [0x02e20000, 0x02fa0000, 0x04e20000]
 total_blobs=606 nmethods=455 adapters=82
 compilation: enabled

Compilation events (10 events):
Event: 25.456 Thread 0x1549cc00  451             java.lang.StringBuilder::getChars (10 bytes)
Event: 25.457 Thread 0x1549cc00 nmethod 451 0x02f9ddc8 code [0x02f9dec0, 0x02f9df6c]
Event: 25.457 Thread 0x1549cc00  452             java.util.regex.Matcher::appendTail (19 bytes)
Event: 25.457 Thread 0x1549cc00 nmethod 452 0x02f9dfc8 code [0x02f9e0e0, 0x02f9e338]
Event: 25.457 Thread 0x1549cc00  453             java.util.regex.Pattern$SliceNode::study (37 bytes)
Event: 25.457 Thread 0x1549cc00 nmethod 453 0x02f9e448 code [0x02f9e550, 0x02f9e60c]
Event: 25.458 Thread 0x1549cc00  454             net.sf.javabdd.BuDDyFactory::one (5 bytes)
Event: 25.458 Thread 0x1549cc00 nmethod 454 0x02f9e6c8 code [0x02f9e7d0, 0x02f9e8ac]
Event: 58.749 Thread 0x1549cc00  455             sun.misc.FDBigInteger::mult (64 bytes)
Event: 58.750 Thread 0x1549cc00 nmethod 455 0x02f9ea48 code [0x02f9eb40, 0x02f9ecf0]

GC Heap History (10 events):
Event: 37.725 GC heap before
{Heap before GC invocations=374 (full 5):
 def new generation   total 45568K, used 43052K [0x05000000, 0x08170000, 0x0a550000)
  eden space 40512K, 100% used [0x05000000, 0x07790000, 0x07790000)
  from space 5056K,  50% used [0x07c80000, 0x07efb198, 0x08170000)
  to   space 5056K,   0% used [0x07790000, 0x07790000, 0x07c80000)
 tenured generation   total 101128K, used 83537K [0x0a550000, 0x10812000, 0x15000000)
   the space 101128K,  82% used [0x0a550000, 0x0f6e4768, 0x0f6e4800, 0x10812000)
 Metaspace       used 3277K, capacity 3328K, committed 3392K, reserved 4480K
Event: 37.731 GC heap after
Heap after GC invocations=375 (full 5):
 def new generation   total 45568K, used 2539K [0x05000000, 0x08170000, 0x0a550000)
  eden space 40512K,   0% used [0x05000000, 0x05000000, 0x07790000)
  from space 5056K,  50% used [0x07790000, 0x07a0ae00, 0x07c80000)
  to   space 5056K,   0% used [0x07c80000, 0x07c80000, 0x08170000)
 tenured generation   total 101128K, used 84807K [0x0a550000, 0x10812000, 0x15000000)
   the space 101128K,  83% used [0x0a550000, 0x0f821da8, 0x0f821e00, 0x10812000)
 Metaspace       used 3277K, capacity 3328K, committed 3392K, reserved 4480K
}
Event: 38.385 GC heap before
{Heap before GC invocations=375 (full 5):
 def new generation   total 45568K, used 43051K [0x05000000, 0x08170000, 0x0a550000)
  eden space 40512K, 100% used [0x05000000, 0x07790000, 0x07790000)
  from space 5056K,  50% used [0x07790000, 0x07a0ae00, 0x07c80000)
  to   space 5056K,   0% used [0x07c80000, 0x07c80000, 0x08170000)
 tenured generation   total 101128K, used 84807K [0x0a550000, 0x10812000, 0x15000000)
   the space 101128K,  83% used [0x0a550000, 0x0f821da8, 0x0f821e00, 0x10812000)
 Metaspace       used 3277K, capacity 3328K, committed 3392K, reserved 4480K
Event: 38.392 GC heap after
Heap after GC invocations=376 (full 5):
 def new generation   total 45568K, used 2540K [0x05000000, 0x08170000, 0x0a550000)
  eden space 40512K,   0% used [0x05000000, 0x05000000, 0x07790000)
  from space 5056K,  50% used [0x07c80000, 0x07efb078, 0x08170000)
  to   space 5056K,   0% used [0x07790000, 0x07790000, 0x07c80000)
 tenured generation   total 101128K, used 86076K [0x0a550000, 0x10812000, 0x15000000)
   the space 101128K,  85% used [0x0a550000, 0x0f95f200, 0x0f95f200, 0x10812000)
 Metaspace       used 3277K, capacity 3328K, committed 3392K, reserved 4480K
}
Event: 39.048 GC heap before
{Heap before GC invocations=376 (full 5):
 def new generation   total 45568K, used 43052K [0x05000000, 0x08170000, 0x0a550000)
  eden space 40512K, 100% used [0x05000000, 0x07790000, 0x07790000)
  from space 5056K,  50% used [0x07c80000, 0x07efb078, 0x08170000)
  to   space 5056K,   0% used [0x07790000, 0x07790000, 0x07c80000)
 tenured generation   total 101128K, used 86076K [0x0a550000, 0x10812000, 0x15000000)
   the space 101128K,  85% used [0x0a550000, 0x0f95f200, 0x0f95f200, 0x10812000)
 Metaspace       used 3277K, capacity 3328K, committed 3392K, reserved 4480K
Event: 39.053 GC heap after
Heap after GC invocations=377 (full 5):
 def new generation   total 45568K, used 2540K [0x05000000, 0x08170000, 0x0a550000)
  eden space 40512K,   0% used [0x05000000, 0x05000000, 0x07790000)
  from space 5056K,  50% used [0x07790000, 0x07a0b080, 0x07c80000)
  to   space 5056K,   0% used [0x07c80000, 0x07c80000, 0x08170000)
 tenured generation   total 101128K, used 87345K [0x0a550000, 0x10812000, 0x15000000)
   the space 101128K,  86% used [0x0a550000, 0x0fa9c470, 0x0fa9c600, 0x10812000)
 Metaspace       used 3277K, capacity 3328K, committed 3392K, reserved 4480K
}
Event: 39.731 GC heap before
{Heap before GC invocations=377 (full 5):
 def new generation   total 45568K, used 43052K [0x05000000, 0x08170000, 0x0a550000)
  eden space 40512K, 100% used [0x05000000, 0x07790000, 0x07790000)
  from space 5056K,  50% used [0x07790000, 0x07a0b080, 0x07c80000)
  to   space 5056K,   0% used [0x07c80000, 0x07c80000, 0x08170000)
 tenured generation   total 101128K, used 87345K [0x0a550000, 0x10812000, 0x15000000)
   the space 101128K,  86% used [0x0a550000, 0x0fa9c470, 0x0fa9c600, 0x10812000)
 Metaspace       used 3277K, capacity 3328K, committed 3392K, reserved 4480K
Event: 39.737 GC heap after
Heap after GC invocations=378 (full 5):
 def new generation   total 45568K, used 2543K [0x05000000, 0x08170000, 0x0a550000)
  eden space 40512K,   0% used [0x05000000, 0x05000000, 0x07790000)
  from space 5056K,  50% used [0x07c80000, 0x07efbd40, 0x08170000)
  to   space 5056K,   0% used [0x07790000, 0x07790000, 0x07c80000)
 tenured generation   total 101128K, used 88614K [0x0a550000, 0x10812000, 0x15000000)
   the space 101128K,  87% used [0x0a550000, 0x0fbd9ab0, 0x0fbd9c00, 0x10812000)
 Metaspace       used 3277K, capacity 3328K, committed 3392K, reserved 4480K
}
Event: 40.418 GC heap before
{Heap before GC invocations=378 (full 5):
 def new generation   total 45568K, used 43055K [0x05000000, 0x08170000, 0x0a550000)
  eden space 40512K, 100% used [0x05000000, 0x07790000, 0x07790000)
  from space 5056K,  50% used [0x07c80000, 0x07efbd40, 0x08170000)
  to   space 5056K,   0% used [0x07790000, 0x07790000, 0x07c80000)
 tenured generation   total 101128K, used 88614K [0x0a550000, 0x10812000, 0x15000000)
   the space 101128K,  87% used [0x0a550000, 0x0fbd9ab0, 0x0fbd9c00, 0x10812000)
 Metaspace       used 3277K, capacity 3328K, committed 3392K, reserved 4480K
Event: 40.424 GC heap after
Heap after GC invocations=379 (full 5):
 def new generation   total 45568K, used 2544K [0x05000000, 0x08170000, 0x0a550000)
  eden space 40512K,   0% used [0x05000000, 0x05000000, 0x07790000)
  from space 5056K,  50% used [0x07790000, 0x07a0c398, 0x07c80000)
  to   space 5056K,   0% used [0x07c80000, 0x07c80000, 0x08170000)
 tenured generation   total 101128K, used 89885K [0x0a550000, 0x10812000, 0x15000000)
   the space 101128K,  88% used [0x0a550000, 0x0fd174c0, 0x0fd17600, 0x10812000)
 Metaspace       used 3277K, capacity 3328K, committed 3392K, reserved 4480K
}

Deoptimization events (0 events):
No events

Internal exceptions (10 events):
Event: 0.326 Thread 0x02dfd800 Exception <a 'java/security/PrivilegedActionException'> (0x051cdf90) thrown at [D:\re\puppet\workspace\8-2-build-windows-i586-cygwin\jdk8u60\4407\hotspot\src\share\vm\prims\jvm.cpp, line 1386]
Event: 0.326 Thread 0x02dfd800 Exception <a 'java/security/PrivilegedActionException'> (0x051ce190) thrown at [D:\re\puppet\workspace\8-2-build-windows-i586-cygwin\jdk8u60\4407\hotspot\src\share\vm\prims\jvm.cpp, line 1386]
Event: 0.326 Thread 0x02dfd800 Exception <a 'java/security/PrivilegedActionException'> (0x051cf280) thrown at [D:\re\puppet\workspace\8-2-build-windows-i586-cygwin\jdk8u60\4407\hotspot\src\share\vm\prims\jvm.cpp, line 1386]
Event: 0.326 Thread 0x02dfd800 Exception <a 'java/security/PrivilegedActionException'> (0x051cf480) thrown at [D:\re\puppet\workspace\8-2-build-windows-i586-cygwin\jdk8u60\4407\hotspot\src\share\vm\prims\jvm.cpp, line 1386]
Event: 0.326 Thread 0x02dfd800 Exception <a 'java/security/PrivilegedActionException'> (0x051d0628) thrown at [D:\re\puppet\workspace\8-2-build-windows-i586-cygwin\jdk8u60\4407\hotspot\src\share\vm\prims\jvm.cpp, line 1386]
Event: 0.326 Thread 0x02dfd800 Exception <a 'java/security/PrivilegedActionException'> (0x051d0828) thrown at [D:\re\puppet\workspace\8-2-build-windows-i586-cygwin\jdk8u60\4407\hotspot\src\share\vm\prims\jvm.cpp, line 1386]
Event: 0.562 Thread 0x02dfd800 Exception <a 'java/security/PrivilegedActionException'> (0x054464c8) thrown at [D:\re\puppet\workspace\8-2-build-windows-i586-cygwin\jdk8u60\4407\hotspot\src\share\vm\prims\jvm.cpp, line 1386]
Event: 0.562 Thread 0x02dfd800 Exception <a 'java/security/PrivilegedActionException'> (0x054468a8) thrown at [D:\re\puppet\workspace\8-2-build-windows-i586-cygwin\jdk8u60\4407\hotspot\src\share\vm\prims\jvm.cpp, line 1386]
Event: 0.564 Thread 0x02dfd800 Exception <a 'java/security/PrivilegedActionException'> (0x0544acc8) thrown at [D:\re\puppet\workspace\8-2-build-windows-i586-cygwin\jdk8u60\4407\hotspot\src\share\vm\prims\jvm.cpp, line 1386]
Event: 0.564 Thread 0x02dfd800 Exception <a 'java/security/PrivilegedActionException'> (0x0544b0a8) thrown at [D:\re\puppet\workspace\8-2-build-windows-i586-cygwin\jdk8u60\4407\hotspot\src\share\vm\prims\jvm.cpp, line 1386]

Events (10 events):
Event: 58.747 loading class sun/misc/FloatingDecimal$1
Event: 58.748 loading class sun/misc/FloatingDecimal$1 done
Event: 58.748 loading class sun/misc/FloatingDecimal$PreparedASCIIToBinaryBuffer
Event: 58.748 loading class sun/misc/FloatingDecimal$ASCIIToBinaryConverter
Event: 58.748 loading class sun/misc/FloatingDecimal$ASCIIToBinaryConverter done
Event: 58.748 loading class sun/misc/FloatingDecimal$PreparedASCIIToBinaryBuffer done
Event: 58.748 loading class sun/misc/FDBigInteger
Event: 58.748 loading class sun/misc/FDBigInteger done
Event: 58.751 loading class org/apache/maven/surefire/util/internal/ByteBuffer
Event: 58.751 loading class org/apache/maven/surefire/util/internal/ByteBuffer done


Dynamic libraries:
0x002d0000 - 0x00303000 	C:\Program Files (x86)\Java\jdk1.8.0_60\jre\bin\java.exe
0x77140000 - 0x772ae000 	C:\WINDOWS\SYSTEM32\ntdll.dll
0x74a30000 - 0x74b70000 	C:\WINDOWS\SYSTEM32\KERNEL32.DLL
0x74b90000 - 0x74c67000 	C:\WINDOWS\SYSTEM32\KERNELBASE.dll
0x74330000 - 0x743d0000 	C:\WINDOWS\system32\apphelp.dll
0x68840000 - 0x68aa6000 	C:\WINDOWS\AppPatch\AcGenral.DLL
0x76c70000 - 0x76d33000 	C:\WINDOWS\SYSTEM32\msvcrt.dll
0x74c70000 - 0x74cb1000 	C:\WINDOWS\SYSTEM32\sechost.dll
0x74940000 - 0x7495e000 	C:\WINDOWS\SYSTEM32\SspiCli.dll
0x76a00000 - 0x76a45000 	C:\WINDOWS\SYSTEM32\SHLWAPI.dll
0x71a20000 - 0x71b0d000 	C:\WINDOWS\SYSTEM32\UxTheme.dll
0x76a50000 - 0x76ba3000 	C:\WINDOWS\SYSTEM32\USER32.dll
0x76e60000 - 0x76f6f000 	C:\WINDOWS\SYSTEM32\GDI32.dll
0x71b40000 - 0x71b63000 	C:\WINDOWS\SYSTEM32\WINMM.dll
0x70ff0000 - 0x71003000 	C:\WINDOWS\SYSTEM32\samcli.dll
0x75090000 - 0x751b9000 	C:\WINDOWS\SYSTEM32\ole32.dll
0x74960000 - 0x749f5000 	C:\WINDOWS\SYSTEM32\OLEAUT32.dll
0x71160000 - 0x71177000 	C:\WINDOWS\SYSTEM32\MSACM32.dll
0x71bf0000 - 0x71bf8000 	C:\WINDOWS\SYSTEM32\VERSION.dll
0x75700000 - 0x769ad000 	C:\WINDOWS\SYSTEM32\SHELL32.dll
0x748a0000 - 0x748bb000 	C:\WINDOWS\SYSTEM32\USERENV.dll
0x71a00000 - 0x71a1a000 	C:\WINDOWS\SYSTEM32\dwmapi.dll
0x6f760000 - 0x6f8aa000 	C:\WINDOWS\SYSTEM32\urlmon.dll
0x76bb0000 - 0x76c2c000 	C:\WINDOWS\SYSTEM32\ADVAPI32.dll
0x74560000 - 0x745c5000 	C:\WINDOWS\SYSTEM32\WINSPOOL.DRV
0x710e0000 - 0x710f6000 	C:\WINDOWS\SYSTEM32\MPR.dll
0x75230000 - 0x752ea000 	C:\WINDOWS\SYSTEM32\RPCRT4.dll
0x74930000 - 0x7493a000 	C:\WINDOWS\SYSTEM32\CRYPTBASE.dll
0x754b0000 - 0x7562d000 	C:\WINDOWS\SYSTEM32\combase.dll
0x71b10000 - 0x71b33000 	C:\WINDOWS\SYSTEM32\WINMMBASE.dll
0x74880000 - 0x7488f000 	C:\WINDOWS\SYSTEM32\profapi.dll
0x6fbc0000 - 0x6fdf2000 	C:\WINDOWS\SYSTEM32\iertutil.dll
0x70540000 - 0x70724000 	C:\WINDOWS\SYSTEM32\WININET.dll
0x748d0000 - 0x74924000 	C:\WINDOWS\SYSTEM32\bcryptPrimitives.dll
0x74fc0000 - 0x74ffc000 	C:\WINDOWS\SYSTEM32\cfgmgr32.dll
0x74800000 - 0x74821000 	C:\WINDOWS\SYSTEM32\DEVOBJ.dll
0x74660000 - 0x746eb000 	C:\WINDOWS\SYSTEM32\SHCORE.DLL
0x74a00000 - 0x74a27000 	C:\WINDOWS\system32\IMM32.DLL
0x76d40000 - 0x76e52000 	C:\WINDOWS\SYSTEM32\MSCTF.dll
0x70d60000 - 0x70f66000 	C:\WINDOWS\WinSxS\x86_microsoft.windows.common-controls_6595b64144ccf1df_6.0.9600.17810_none_a9edf09f013934e0\COMCTL32.dll
0x68780000 - 0x6883f000 	C:\Program Files (x86)\Java\jdk1.8.0_60\jre\bin\msvcr100.dll
0x683b0000 - 0x68775000 	C:\Program Files (x86)\Java\jdk1.8.0_60\jre\bin\client\jvm.dll
0x71ca0000 - 0x71ca8000 	C:\WINDOWS\SYSTEM32\WSOCK32.dll
0x76fd0000 - 0x76fd6000 	C:\WINDOWS\SYSTEM32\PSAPI.DLL
0x769b0000 - 0x76a00000 	C:\WINDOWS\SYSTEM32\WS2_32.dll
0x75630000 - 0x75637000 	C:\WINDOWS\SYSTEM32\NSI.dll
0x71150000 - 0x7115c000 	C:\Program Files (x86)\Java\jdk1.8.0_60\jre\bin\verify.dll
0x710b0000 - 0x710d1000 	C:\Program Files (x86)\Java\jdk1.8.0_60\jre\bin\java.dll
0x70f70000 - 0x70f83000 	C:\Program Files (x86)\Java\jdk1.8.0_60\jre\bin\zip.dll
0x15ef0000 - 0x15f29000 	D:\git\modelcheckingsystem\ModelCheckingSystem\buddy.dll
0x6f970000 - 0x6fab1000 	C:\WINDOWS\SYSTEM32\dbghelp.dll

VM Arguments:
java_command: D:\git\modelcheckingsystem\ModelCheckingSystem\target\surefire\surefirebooter8848209574058983292.jar D:\git\modelcheckingsystem\ModelCheckingSystem\target\surefire\surefire4938549256212036907tmp D:\git\modelcheckingsystem\ModelCheckingSystem\target\surefire\surefire5132240281591669472tmp
java_class_path (initial): D:\git\modelcheckingsystem\ModelCheckingSystem\target\surefire\surefirebooter8848209574058983292.jar
Launcher Type: SUN_STANDARD

Environment Variables:
JAVA_HOME=C:\Program Files (x86)\Java\jdk1.8.0_60
USERNAME=173042
OS=Windows_NT
PROCESSOR_IDENTIFIER=Intel64 Family 6 Model 69 Stepping 1, GenuineIntel



---------------  S Y S T E M  ---------------

OS: Windows 8.1 , 64 bit Build 9600 (6.3.9600.17415)

CPU:total 4 (2 cores per cpu, 2 threads per core) family 6 model 69 stepping 1, cmov, cx8, fxsr, mmx, sse, sse2, sse3, ssse3, sse4.1, sse4.2, popcnt, avx, avx2, aes, clmul, erms, lzcnt, ht, tsc, tscinvbit, bmi1, bmi2

Memory: 4k page, physical 6172128k(2165624k free), swap 8072672k(3004980k free)

vm_info: Java HotSpot(TM) Client VM (25.60-b23) for windows-x86 JRE (1.8.0_60-b27), built on Aug  4 2015 10:57:40 by "java_re" with MS VC++ 10.0 (VS2010)

time: Fri Aug 28 09:03:50 2015
elapsed time: 58 seconds (0d 0h 0m 58s)

